Mono path[0] = 'C:/Users/KIIT/Desktop/Learning Environments/NeuralNitro-AI/Builds/TrainEverything/NeuralNitro-AI_Data/Managed'
Mono config path = 'C:/Users/KIIT/Desktop/Learning Environments/NeuralNitro-AI/Builds/TrainEverything/MonoBleedingEdge/etc'
Initialize engine version: 2022.3.6f1 (b9e6e7e9fa2d)
[Subsystems] Discovering subsystems at path C:/Users/KIIT/Desktop/Learning Environments/NeuralNitro-AI/Builds/TrainEverything/NeuralNitro-AI_Data/UnitySubsystems
Forcing GfxDevice: Null
GfxDevice: creating device client; threaded=0; jobified=0
NullGfxDevice:
    Version:  NULL 1.0 [1.0]
    Renderer: Null Device
    Vendor:   Unity Technologies
Begin MonoManager ReloadAssembly
- Loaded All Assemblies, in  3.037 seconds
- Finished resetting the current domain, in  0.003 seconds
ERROR: Shader Sprites/Default shader is not supported on this GPU (none of subshaders/fallbacks are suitable)
Microsoft Media Foundation video decoding to texture disabled: graphics device is Null, only Direct3D 11 and Direct3D 12 (only on desktop) are supported for hardware-accelerated video decoding.
ERROR: Shader Sprites/Mask shader is not supported on this GPU (none of subshaders/fallbacks are suitable)
ERROR: Shader Legacy Shaders/VertexLit shader is not supported on this GPU (none of subshaders/fallbacks are suitable)
WARNING: Shader Unsupported: 'Standard' - All subshaders removed
WARNING: Shader Did you use #pragma only_renderers and omit this platform?
WARNING: Shader If subshaders removal was intentional, you may have forgotten turning Fallback off?
ERROR: Shader Standard shader is not supported on this GPU (none of subshaders/fallbacks are suitable)
WARNING: Shader Unsupported: 'Standard' - All subshaders removed
WARNING: Shader Did you use #pragma only_renderers and omit this platform?
WARNING: Shader If subshaders removal was intentional, you may have forgotten turning Fallback off?
UnloadTime: 5.645100 ms
Registered Communicator in Agent.
Hit Wall
Hit Wall
Hit Wall
Hit Wall
Hit Wall
Hit Wall
Hit Wall
Hit Wall
Hit Wall
Hit Wall
Hit Wall
Hit Wall
Hit Wall
Hit Wall
Hit Wall
Hit Wall
Hit Wall
Hit Wall
Hit Wall
Hit Wall
Hit Wall
Hit Wall
Hit Wall
Hit Wall
Hit Wall
Hit Wall
Hit Wall
Hit Wall
Hit Wall
Hit Wall
Hit Wall
Hit Wall
Hit Wall
Hit Wall
Hit Wall
Hit Wall
Hit Wall
Hit Wall
Hit Wall
Hit Wall
Hit Wall
Hit Wall
Hit Wall
Hit Wall
Hit Wall
Hit Wall
Hit Wall
Hit Wall
Hit Wall
Hit Wall
Hit Wall
Hit Wall
Hit Wall
Hit Wall
Hit Wall
Hit Wall
Hit Wall
Hit Wall
Hit Wall
Hit Wall
Hit Wall
Hit Wall
Hit Wall
Hit Wall
Hit Wall
Hit Wall
Hit Wall
Hit Wall
Hit Wall
Hit Wall
Hit Wall
Hit Wall
Hit Wall
Hit Wall
Hit Wall
Hit Wall
Hit Wall
Hit Wall
Hit Wall
Hit Wall
Hit Wall
Hit Wall
Hit Wall
Hit Wall
Hit Wall
Hit Wall
Hit Wall
Hit Wall
Hit Wall
Hit Wall
Hit Wall
Hit Wall
Hit Wall
Hit Wall
Hit Wall
Hit Wall
Hit Wall
Hit Wall
Hit Wall
Hit Wall
Hit Wall
Hit Wall
Hit Wall
Hit Wall
Hit Wall
Hit Wall
Hit Wall
Hit Wall
Hit Wall
Hit Wall
Hit Wall
Hit Wall
Hit Wall
Hit Wall
Hit Wall
Hit Wall
Hit Wall
Hit Wall
Hit Wall
Hit Wall
Hit Wall
Hit Wall
Hit Wall
Hit Wall
Hit Wall
Hit Wall
Hit Wall
Hit Wall
Hit Wall
Hit Wall
Hit Wall
Hit Wall
Hit Wall
Hit Wall
Hit Wall
Hit Wall
Hit Wall
Hit Wall
Hit Wall
Hit Wall
Hit Wall
Hit Wall
Hit Wall
Hit Wall
Hit Wall
Hit Wall
Hit Wall
Hit Wall
Hit Wall
Hit Wall
Hit Wall
Hit Wall
Hit Wall
Hit Wall
Hit Wall
Hit Wall
Hit Wall
Hit Wall
Hit Wall
Hit Wall
Hit Wall
Hit Wall
Hit Wall
Hit Wall
Hit Wall
Hit Wall
Hit Wall
Hit Wall
Hit Wall
Hit Wall
Hit Wall
Hit Wall
Hit Wall
Hit Wall
Hit Wall
Hit Wall
Hit Wall
Hit Wall
Hit Wall
Hit Wall
Hit Wall
Hit Wall
Hit Wall
Hit Wall
Hit Wall
Hit Wall
Hit Wall
Hit Wall
Hit Wall
Hit Wall
Hit Wall
Hit Wall
Hit Wall
Hit Wall
Hit Wall
Hit Wall
Hit Wall
Hit Wall
Hit Wall
Hit Wall
Hit Wall
Hit Wall
Hit Wall
Hit Wall
Hit Wall
Hit Wall
Hit Wall
Hit Wall
Hit Wall
Hit Wall
Hit Wall
Hit Wall
Hit Wall
Hit Wall
Hit Wall
Hit Wall
Hit Wall
Hit Wall
Hit Wall
Hit Wall
Hit Wall
Hit Wall
Hit Wall
Hit Wall
Hit Wall
Hit Wall
Hit Wall
Hit Wall
Hit Wall
Hit Wall
Hit Wall
Hit Wall
Hit Wall
Hit Wall
Hit Wall
Hit Wall
Hit Wall
Hit Wall
Hit Wall
Hit Wall
Hit Wall
Hit Wall
Hit Wall
Hit Wall
Hit Wall
Hit Wall
Hit Wall
Hit Wall
Hit Wall
Hit Wall
Hit Wall
Hit Wall
Hit Wall
Hit Wall
Hit Wall
Hit Wall
Hit Wall
Hit Wall
Hit Wall
Hit Wall
Hit Wall
Hit Wall
Hit Wall
Hit Wall
Hit Wall
Hit Wall
Hit Wall
Hit Wall
Hit Wall
Hit Wall
Hit Wall
Hit Wall
Hit Wall
Hit Wall
Hit Wall
Hit Wall
Hit Wall
Hit Wall
Hit Wall
Hit Wall
Hit Wall
Hit Wall
Hit Wall
Hit Wall
Hit Wall
Hit Wall
Hit Wall
Hit Wall
Hit Wall
Hit Wall
Hit Wall
Hit Wall
Hit Wall
Hit Wall
Hit Wall
Hit Wall
Hit Wall
Hit Wall
Hit Wall
Hit Wall
Hit Wall
Hit Wall
Hit Wall
Hit Wall
Hit Wall
Hit Wall
Hit Wall
Hit Wall
Hit Wall
Hit Wall
Hit Wall
Hit Wall
Hit Wall
Hit Wall
Hit Wall
Hit Wall
Hit Wall
Hit Wall
Hit Wall
Hit Wall
Hit Wall
Hit Wall
Hit Wall
Hit Wall
Hit Wall
Hit Wall
Hit Wall
Hit Wall
Hit Wall
Hit Wall
Hit Wall
Hit Wall
Hit Wall
Hit Wall
Hit Wall
Hit Wall
Hit Wall
Hit Wall
Hit Wall
Hit Wall
Hit Wall
Hit Wall
Hit Wall
Hit Wall
Hit Wall
Hit Wall
Hit Wall
Hit Wall
Hit Wall
Hit Wall
Hit Wall
Hit Wall
Hit Wall
Hit Wall
Hit Wall
Hit Wall
Hit Wall
Hit Wall
Hit Wall
Hit Wall
Hit Wall
Hit Wall
Hit Wall
Hit Wall
Hit Wall
Hit Wall
Hit Wall
Hit Wall
Hit Wall
Hit Wall
Hit Wall
Hit Wall
Hit Wall
Hit Wall
Hit Wall
Hit Wall
Hit Wall
Hit Wall
Hit Wall
Hit Wall
Hit Wall
Hit Wall
Hit Wall
Hit Wall
Hit Wall
Hit Wall
Hit Wall
Hit Wall
Hit Wall
Hit Wall
Hit Wall
Hit Wall
Hit Wall
Hit Wall
Hit Wall
Hit Wall
Hit Wall
Hit Wall
Hit Wall
Hit Wall
Hit Wall
Hit Wall
Hit Wall
Hit Wall
Hit Wall
Hit Wall
Hit Wall
Hit Wall
Hit Wall
Hit Wall
Hit Wall
Hit Wall
Hit Wall
Hit Wall
Hit Wall
Hit Wall
Hit Wall
Hit Wall
Hit Wall
Hit Wall
Hit Wall
Hit Wall
Hit Wall
Hit Wall
Hit Wall
Hit Wall
Hit Wall
Hit Wall
Hit Wall
Hit Wall
Hit Wall
Hit Wall
Hit Wall
Hit Wall
Hit Wall
Hit Wall
Hit Wall
Hit Wall
Hit Wall
Hit Wall
Hit Wall
Hit Wall
Hit Wall
Hit Wall
Hit Wall
Hit Wall
Hit Wall
Hit Wall
Hit Wall
Hit Wall
Hit Wall
Hit Wall
Hit Wall
Hit Wall
Hit Wall
Hit Wall
Hit Wall
Hit Wall
Hit Wall
Hit Wall
Hit Wall
Hit Wall
Hit Wall
Hit Wall
Hit Wall
Hit Wall
Hit Wall
Hit Wall
Hit Wall
Hit Wall
Hit Wall
Hit Wall
Hit Wall
Hit Wall
Hit Wall
Hit Wall
Hit Wall
Hit Wall
Hit Wall
Hit Wall
Hit Wall
Hit Wall
Hit Wall
Hit Wall
Hit Wall
Hit Wall
Hit Wall
Hit Wall
Hit Wall
Hit Wall
Hit Wall
Hit Wall
Hit Wall
Hit Wall
Hit Wall
Hit Wall
Hit Wall
Hit Wall
Hit Wall
Hit Wall
Hit Wall
Hit Wall
Hit Wall
Hit Wall
Hit Wall
Hit Wall
Hit Wall
Hit Wall
Hit Wall
Hit Wall
Hit Wall
Hit Wall
Hit Wall
Hit Wall
Hit Wall
Hit Wall
Hit Wall
Hit Wall
Hit Wall
Hit Wall
Hit Wall
Hit Wall
Hit Wall
Hit Wall
Hit Wall
Hit Wall
Hit Wall
Hit Wall
Hit Wall
Hit Wall
Hit Wall
Hit Wall
Hit Wall
Hit Wall
Hit Wall
Hit Wall
Hit Wall
Hit Wall
Hit Wall
Hit Wall
Hit Wall
Hit Wall
Hit Wall
Hit Wall
Hit Wall
Hit Wall
Hit Wall
Hit Wall
Hit Wall
Hit Wall
Hit Wall
Hit Wall
Hit Wall
Hit Wall
Hit Wall
Hit Wall
Hit Wall
Hit Wall
Hit Wall
Hit Wall
Hit Wall
Hit Wall
Hit Wall
Hit Wall
Hit Wall
Hit Wall
Hit Wall
Hit Wall
Hit Wall
Hit Wall
Hit Wall
Hit Wall
Hit Wall
Hit Wall
Hit Wall
Hit Wall
Hit Wall
Hit Wall
Hit Wall
Hit Wall
Hit Wall
Hit Wall
Hit Wall
Hit Wall
Hit Wall
Hit Wall
Hit Wall
Hit Wall
Hit Wall
Hit Wall
Hit Wall
Hit Wall
Hit Wall
Hit Wall
Hit Wall
Hit Wall
Hit Wall
Hit Wall
Hit Wall
Hit Wall
Hit Wall
Hit Wall
Hit Wall
Hit Wall
Hit Wall
Hit Wall
Hit Wall
Hit Wall
Hit Wall
Hit Wall
Hit Wall
Hit Wall
Hit Wall
Hit Wall
Hit Wall
Hit Wall
Hit Wall
Hit Wall
Hit Wall
Hit Wall
Hit Wall
Hit Wall
Hit Wall
Hit Wall
Hit Wall
Hit Wall
Hit Wall
Hit Wall
Hit Wall
Hit Wall
Hit Wall
Hit Wall
Hit Wall
Hit Wall
Hit Wall
Hit Wall
Hit Wall
Hit Wall
Hit Wall
Hit Wall
Hit Wall
Hit Wall
Hit Wall
Hit Wall
Hit Wall
Hit Wall
Hit Wall
Hit Wall
Hit Wall
Hit Wall
Hit Wall
Hit Wall
Hit Wall
Hit Wall
Hit Wall
Hit Wall
Hit Wall
Hit Wall
Hit Wall
Hit Wall
Hit Wall
Hit Wall
Hit Wall
Hit Wall
Hit Wall
Hit Wall
Hit Wall
Hit Wall
Hit Wall
Hit Wall
Hit Wall
Hit Wall
Hit Wall
Hit Wall
Hit Wall
Hit Wall
Hit Wall
Hit Wall
Hit Wall
Hit Wall
Hit Wall
Hit Wall
Hit Wall
Hit Wall
Hit Wall
Hit Wall
Hit Wall
Hit Wall
Hit Wall
Hit Wall
Hit Wall
Hit Wall
Hit Wall
Hit Wall
Hit Wall
Hit Wall
Hit Wall
Hit Wall
Hit Wall
Hit Wall
Hit Wall
Hit Wall
Hit Wall
Hit Wall
Hit Wall
Hit Wall
Hit Wall
Hit Wall
Hit Wall
Hit Wall
Hit Wall
Hit Wall
Hit Wall
Hit Wall
Hit Wall
Hit Wall
Hit Wall
Hit Wall
Hit Wall
Hit Wall
Hit Wall
Hit Wall
Hit Wall
Hit Wall
Hit Wall
Hit Wall
Hit Wall
Hit Wall
Hit Wall
Hit Wall
Hit Wall
Hit Wall
Hit Wall
Hit Wall
Hit Wall
Hit Wall
Hit Wall
Hit Wall
Hit Wall
Hit Wall
Hit Wall
Hit Wall
Hit Wall
Hit Wall
Hit Wall
Hit Wall
Hit Wall
Hit Wall
Hit Wall
Hit Wall
Hit Wall
Hit Wall
Hit Wall
Hit Wall
Hit Wall
Hit Wall
Hit Wall
Hit Wall
Hit Wall
Hit Wall
Hit Wall
Hit Wall
Hit Wall
Hit Wall
Hit Wall
Hit Wall
Hit Wall
Hit Wall
Hit Wall
Hit Wall
Hit Wall
Hit Wall
Hit Wall
Hit Wall
Hit Wall
Hit Wall
Hit Wall
Hit Wall
Hit Wall
Hit Wall
Hit Wall
Hit Wall
Hit Wall
Hit Wall
Hit Wall
Hit Wall
Hit Wall
Hit Wall
Hit Wall
Hit Wall
Hit Wall
Hit Wall
Hit Wall
Hit Wall
Hit Wall
Hit Wall
Hit Wall
Hit Wall
Hit Wall
Hit Wall
Hit Wall
Hit Wall
Hit Wall
Hit Wall
Hit Wall
Hit Wall
Hit Wall
Hit Wall
Hit Wall
Hit Wall
Hit Wall
Hit Wall
Hit Wall
Hit Wall
Hit Wall
Hit Wall
Hit Wall
Hit Wall
Hit Wall
Hit Wall
Hit Wall
Hit Wall
Hit Wall
Hit Wall
Hit Wall
Hit Wall
Hit Wall
Hit Wall
Hit Wall
Hit Wall
Hit Wall
Hit Wall
Hit Wall
Hit Wall
Hit Wall
Hit Wall
Hit Wall
Hit Wall
Hit Wall
Hit Wall
Hit Wall
Hit Wall
Hit Wall
Hit Wall
Hit Wall
Hit Wall
Hit Wall
Hit Wall
Hit Wall
Hit Wall
Hit Wall
Hit Wall
Hit Wall
Hit Wall
Hit Wall
Hit Wall
Hit Wall
Hit Wall
Hit Wall
Hit Wall
Hit Wall
Hit Wall
Hit Wall
Hit Wall
Hit Wall
Hit Wall
Hit Wall
Hit Wall
Hit Wall
Hit Wall
Hit Wall
Hit Wall
Hit Wall
Hit Wall
Hit Wall
Hit Wall
Hit Wall
Hit Wall
Hit Wall
Hit Wall
Hit Wall
Hit Wall
Hit Wall
Hit Wall
Hit Wall
Hit Wall
Hit Wall
Hit Wall
Hit Wall
Hit Wall
Hit Wall
Hit Wall
Hit Wall
Hit Wall
Hit Wall
Hit Wall
Hit Wall
Hit Wall
Hit Wall
Hit Wall
Hit Wall
Hit Wall
Hit Wall
Hit Wall
Hit Wall
Hit Wall
Hit Wall
Hit Wall
Hit Wall
Hit Wall
Hit Wall
Hit Wall
Hit Wall
Hit Wall
Hit Wall
Hit Wall
Hit Wall
Hit Wall
Hit Wall
Hit Wall
Hit Wall
Hit Wall
Hit Wall
Hit Wall
Hit Wall
Hit Wall
Hit Wall
Hit Wall
Hit Wall
Hit Wall
Hit Wall
Hit Wall
Hit Wall
Hit Wall
Hit Wall
Hit Wall
Hit Wall
Hit Wall
Hit Wall
Hit Wall
Hit Wall
Hit Wall
Hit Wall
Hit Wall
Hit Wall
Hit Wall
Hit Wall
Hit Wall
Hit Wall
Hit Wall
Hit Wall
Hit Wall
Hit Wall
Hit Wall
Hit Wall
Hit Wall
Hit Wall
Hit Wall
Hit Wall
Hit Wall
Hit Wall
Hit Wall
Hit Wall
Hit Wall
Hit Wall
Hit Wall
Hit Wall
Hit Wall
Hit Wall
Hit Wall
Hit Wall
Hit Wall
Hit Wall
Hit Wall
Hit Wall
Hit Wall
Hit Wall
Hit Wall
Hit Wall
Hit Wall
Hit Wall
Hit Wall
Hit Wall
Hit Wall
Hit Wall
Hit Wall
Hit Wall
Hit Wall
Hit Wall
Hit Wall
Hit Wall
Hit Wall
Hit Wall
Hit Wall
Hit Wall
Hit Wall
Hit Wall
Hit Wall
Hit Wall
Hit Wall
Hit Wall
Hit Wall
Hit Wall
Hit Wall
Hit Wall
Hit Wall
Hit Wall
Hit Wall
Hit Wall
Hit Wall
Hit Wall
Hit Wall
Hit Wall
Hit Wall
Hit Wall
Hit Wall
Hit Wall
Hit Wall
Hit Wall
Hit Wall
Hit Wall
Hit Wall
Hit Wall
Hit Wall
Hit Wall
Hit Wall
Hit Wall
Hit Wall
Hit Wall
Hit Wall
Hit Wall
Hit Wall
Hit Wall
Hit Wall
Hit Wall
Hit Wall
Hit Wall
Hit Wall
Hit Wall
Hit Wall
Hit Wall
Hit Wall
Hit Wall
Hit Wall
Hit Wall
Hit Wall
Hit Wall
Hit Wall
Hit Wall
Hit Wall
Hit Wall
Hit Wall
Hit Wall
Hit Wall
Hit Wall
Hit Wall
Hit Wall
Hit Wall
Hit Wall
Hit Wall
Hit Wall
Hit Wall
Hit Wall
Hit Wall
Hit Wall
Hit Wall
Hit Wall
Hit Wall
Hit Wall
Hit Wall
Hit Wall
Hit Wall
Hit Wall
Hit Wall
Hit Wall
Hit Wall
Hit Wall
Hit Wall
Hit Wall
Hit Wall
Hit Wall
Hit Wall
Hit Wall
Hit Wall
Hit Wall
Hit Wall
Hit Wall
Hit Wall
Hit Wall
Hit Wall
Hit Wall
Hit Wall
Hit Wall
Hit Wall
Hit Wall
Hit Wall
Hit Wall
Hit Wall
Hit Wall
Hit Wall
Hit Wall
Hit Wall
Hit Wall
Hit Wall
Hit Wall
Hit Wall
Hit Wall
Hit Wall
Hit Wall
Hit Wall
Hit Wall
Hit Wall
Hit Wall
Hit Wall
Hit Wall
Hit Wall
Hit Wall
Hit Wall
Hit Wall
Hit Wall
Hit Wall
Hit Wall
Hit Wall
Hit Wall
Hit Wall
Hit Wall
Hit Wall
Hit Wall
Hit Wall
Hit Wall
Hit Wall
Hit Wall
Hit Wall
Hit Wall
Hit Wall
Hit Wall
Hit Wall
Hit Wall
Hit Wall
Hit Wall
Hit Wall
Hit Wall
Hit Wall
Hit Wall
Hit Wall
Hit Wall
Hit Wall
Hit Wall
Hit Wall
Hit Wall
Hit Wall
Hit Wall
Hit Wall
Hit Wall
Hit Wall
Hit Wall
Hit Wall
Hit Wall
Hit Wall
Hit Wall
Hit Wall
Hit Wall
Hit Wall
Hit Wall
Hit Wall
Hit Wall
Hit Wall
Hit Wall
Hit Wall
Hit Wall
Hit Wall
Hit Wall
Hit Wall
Hit Wall
Hit Wall
Hit Wall
Hit Wall
Hit Wall
Hit Wall
Hit Wall
Hit Wall
Hit Wall
Hit Wall
Hit Wall
Hit Wall
Hit Wall
Hit Wall
Hit Wall
Hit Wall
Hit Wall
Hit Wall
Hit Wall
Hit Wall
Hit Wall
Hit Wall
Hit Wall
Hit Wall
Hit Wall
Hit Wall
Hit Wall
Hit Wall
Hit Wall
Hit Wall
Hit Wall
Hit Wall
Hit Wall
Hit Wall
Hit Wall
Hit Wall
Hit Wall
Hit Wall
Hit Wall
Hit Wall
Hit Wall
Hit Wall
Hit Wall
Hit Wall
Hit Wall
Hit Wall
Hit Wall
Hit Wall
Hit Wall
Hit Wall
Hit Wall
Hit Wall
Hit Wall
Hit Wall
Hit Wall
Hit Wall
Hit Wall
Hit Wall
Hit Wall
Hit Wall
Hit Wall
Hit Wall
Hit Wall
Hit Wall
Hit Wall
Hit Wall
Hit Wall
Hit Wall
Hit Wall
Hit Wall
Hit Wall
Hit Wall
Hit Wall
Hit Wall
Hit Wall
Hit Wall
Hit Wall
Hit Wall
Hit Wall
Hit Wall
Hit Wall
Hit Wall
Hit Wall
Hit Wall
Hit Wall
Hit Wall
Hit Wall
Hit Wall
Hit Wall
Hit Wall
Hit Wall
Hit Wall
Hit Wall
Hit Wall
Hit Wall
Hit Wall
Hit Wall
Hit Wall
Hit Wall
Hit Wall
Hit Wall
Hit Wall
Hit Wall
Hit Wall
Hit Wall
Hit Wall
Hit Wall
Hit Wall
Hit Wall
Hit Wall
Hit Wall
Hit Wall
Hit Wall
Hit Wall
Hit Wall
Hit Wall
Hit Wall
Hit Wall
Hit Wall
Hit Wall
Hit Wall
Hit Wall
Hit Wall
Hit Wall
Hit Wall
Hit Wall
Hit Wall
Hit Wall
Hit Wall
Hit Wall
Hit Wall
Hit Wall
Hit Wall
Hit Wall
Hit Wall
Hit Wall
Hit Wall
Hit Wall
Hit Wall
Hit Wall
Hit Wall
Hit Wall
Hit Wall
Hit Wall
Hit Wall
Hit Wall
Hit Wall
Hit Wall
Hit Wall
Hit Wall
Hit Wall
Hit Wall
Hit Wall
Hit Wall
Hit Wall
Hit Wall
Hit Wall
Hit Wall
Hit Wall
Hit Wall
Hit Wall
Hit Wall
Hit Wall
Hit Wall
Hit Wall
Hit Wall
Hit Wall
Hit Wall
Hit Wall
Hit Wall
Hit Wall
Hit Wall
Hit Wall
Hit Wall
Hit Wall
Hit Wall
Hit Wall
Hit Wall
Hit Wall
Hit Wall
Hit Wall
Hit Wall
Hit Wall
Hit Wall
Hit Wall
Hit Wall
Hit Wall
Hit Wall
Hit Wall
Hit Wall
Hit Wall
Hit Wall
Hit Wall
Hit Wall
Hit Wall
Hit Wall
Hit Wall
Hit Wall
Hit Wall
Hit Wall
Hit Wall
Hit Wall
Hit Wall
Hit Wall
Hit Wall
Hit Wall
Hit Wall
Hit Wall
Hit Wall
Hit Wall
Hit Wall
Hit Wall
Hit Wall
Hit Wall
Hit Wall
Hit Wall
Hit Wall
Hit Wall
Hit Wall
Hit Wall
Hit Wall
Hit Wall
Hit Wall
Hit Wall
Hit Wall
Hit Wall
Hit Wall
Hit Wall
Hit Wall
Hit Wall
Hit Wall
Hit Wall
Hit Wall
Hit Wall
Hit Wall
Hit Wall
Hit Wall
Hit Wall
Hit Wall
Hit Wall
Hit Wall
Hit Wall
Hit Wall
Hit Wall
Hit Wall
Hit Wall
Hit Wall
Hit Wall
Hit Wall
Hit Wall
Hit Wall
Hit Wall
Hit Wall
Hit Wall
Hit Wall
Hit Wall
Hit Wall
Hit Wall
Hit Wall
Hit Wall
Hit Wall
Hit Wall
Hit Wall
Hit Wall
Hit Wall
Hit Wall
Hit Wall
Hit Wall
Hit Wall
Hit Wall
Hit Wall
Hit Wall
Hit Wall
Hit Wall
Hit Wall
Hit Wall
Hit Wall
Hit Wall
Hit Wall
Hit Wall
Hit Wall
Hit Wall
Hit Wall
Hit Wall
Hit Wall
Hit Wall
Hit Wall
Hit Wall
Hit Wall
Hit Wall
Hit Wall
Hit Wall
Hit Wall
Hit Wall
Hit Wall
Hit Wall
Hit Wall
Hit Wall
Hit Wall
Hit Wall
Hit Wall
Hit Wall
Hit Wall
Hit Wall
Hit Wall
Hit Wall
Hit Wall
Hit Wall
Hit Wall
Hit Wall
Hit Wall
Hit Wall
Hit Wall
Hit Wall
Hit Wall
Hit Wall
Hit Wall
Hit Wall
Hit Wall
Hit Wall
Hit Wall
Hit Wall
Hit Wall
Hit Wall
Hit Wall
Hit Wall
Hit Wall
Hit Wall
Hit Wall
Hit Wall
Hit Wall
Hit Wall
Hit Wall
Hit Wall
Hit Wall
Hit Wall
Hit Wall
Hit Wall
Hit Wall
Hit Wall
Hit Wall
Hit Wall
Hit Wall
Hit Wall
Hit Wall
Hit Wall
Hit Wall
Hit Wall
Hit Wall
Hit Wall
Hit Wall
Hit Wall
Hit Wall
Hit Wall
Hit Wall
Hit Wall
Hit Wall
Hit Wall
Hit Wall
Hit Wall
Hit Wall
Hit Wall
Hit Wall
Hit Wall
Hit Wall
Hit Wall
Hit Wall
Hit Wall
Hit Wall
Hit Wall
Hit Wall
Hit Wall
Hit Wall
Hit Wall
Hit Wall
Hit Wall
Hit Wall
Hit Wall
Hit Wall
Hit Wall
Hit Wall
Hit Wall
Hit Wall
Hit Wall
Hit Wall
Hit Wall
Hit Wall
Hit Wall
Hit Wall
Hit Wall
Hit Wall
Hit Wall
Hit Wall
Hit Wall
Hit Wall
Hit Wall
Hit Wall
Hit Wall
Hit Wall
Hit Wall
Hit Wall
Hit Wall
Hit Wall
Hit Wall
Hit Wall
Hit Wall
Hit Wall
Hit Wall
Hit Wall
Hit Wall
Hit Wall
Hit Wall
Hit Wall
Hit Wall
Hit Wall
Hit Wall
Hit Wall
Hit Wall
Hit Wall
Hit Wall
Hit Wall
Hit Wall
Hit Wall
Hit Wall
Hit Wall
Hit Wall
Hit Wall
Hit Wall
Hit Wall
Hit Wall
Hit Wall
Hit Wall
Hit Wall
Hit Wall
Hit Wall
Hit Wall
Hit Wall
Hit Wall
Hit Wall
Hit Wall
Hit Wall
Hit Wall
Hit Wall
Hit Wall
Hit Wall
Hit Wall
Hit Wall
Hit Wall
Hit Wall
Hit Wall
Hit Wall
Hit Wall
Hit Wall
Hit Wall
Hit Wall
Hit Wall
Hit Wall
Hit Wall
Hit Wall
Hit Wall
Hit Wall
Hit Wall
Hit Wall
Hit Wall
Hit Wall
Hit Wall
Hit Wall
Hit Wall
Hit Wall
Hit Wall
Hit Wall
Hit Wall
Hit Wall
Hit Wall
Hit Wall
Hit Wall
Hit Wall
Hit Wall
Hit Wall
Hit Wall
Hit Wall
Hit Wall
Hit Wall
Hit Wall
Hit Wall
Hit Wall
Hit Wall
Hit Wall
Hit Wall
Hit Wall
Hit Wall
Hit Wall
Hit Wall
Hit Wall
Hit Wall
Hit Wall
Hit Wall
Hit Wall
Hit Wall
Hit Wall
Hit Wall
Hit Wall
Hit Wall
Hit Wall
Hit Wall
Hit Wall
Hit Wall
Hit Wall
Hit Wall
Hit Wall
Hit Wall
Hit Wall
Hit Wall
Hit Wall
Hit Wall
Hit Wall
Hit Wall
Hit Wall
Hit Wall
Hit Wall
Hit Wall
Hit Wall
Hit Wall
Hit Wall
Hit Wall
Hit Wall
Hit Wall
Hit Wall
Hit Wall
Hit Wall
Hit Wall
Hit Wall
Hit Wall
Hit Wall
Hit Wall
Hit Wall
Hit Wall
Hit Wall
Hit Wall
Hit Wall
Hit Wall
Hit Wall
Hit Wall
Hit Wall
Hit Wall
Hit Wall
Hit Wall
Hit Wall
Hit Wall
Hit Wall
Hit Wall
Hit Wall
Hit Wall
Hit Wall
Hit Wall
Hit Wall
Hit Wall
Hit Wall
Hit Wall
Hit Wall
Hit Wall
Hit Wall
Hit Wall
Hit Wall
Hit Wall
Hit Wall
Hit Wall
Hit Wall
Hit Wall
Hit Wall
Hit Wall
Hit Wall
Hit Wall
Hit Wall
Hit Wall
Hit Wall
Hit Wall
Hit Wall
Hit Wall
Hit Wall
Hit Wall
Hit Wall
Hit Wall
Hit Wall
Hit Wall
Hit Wall
Hit Wall
Hit Wall
Hit Wall
Hit Wall
Hit Wall
Hit Wall
Hit Wall
Hit Wall
Hit Wall
Hit Wall
Hit Wall
Hit Wall
Hit Wall
Hit Wall
Hit Wall
Hit Wall
Hit Wall
Hit Wall
Hit Wall
Hit Wall
Hit Wall
Hit Wall
Hit Wall
Hit Wall
Hit Wall
Hit Wall
Hit Wall
Hit Wall
Hit Wall
Hit Wall
Hit Wall
Hit Wall
Hit Wall
Hit Wall
Hit Wall
Hit Wall
Hit Wall
Hit Wall
Hit Wall
Hit Wall
Hit Wall
Hit Wall
Hit Wall
Hit Wall
Hit Wall
Hit Wall
Hit Wall
Hit Wall
Hit Wall
Hit Wall
Hit Wall
Hit Wall
Hit Wall
Hit Wall
Hit Wall
Hit Wall
Hit Wall
Hit Wall
Hit Wall
Hit Wall
Hit Wall
Hit Wall
Hit Wall
Hit Wall
Hit Wall
Hit Wall
Hit Wall
Hit Wall
Hit Wall
Hit Wall
Hit Wall
Hit Wall
Hit Wall
Hit Wall
Hit Wall
Hit Wall
Hit Wall
Hit Wall
Hit Wall
Hit Wall
Hit Wall
Hit Wall
Hit Wall
Hit Wall
Hit Wall
Hit Wall
Hit Wall
Hit Wall
Hit Wall
Hit Wall
Hit Wall
Hit Wall
Hit Wall
Hit Wall
Hit Wall
Hit Wall
Hit Wall
Hit Wall
Hit Wall
Hit Wall
Hit Wall
Hit Wall
Hit Wall
Hit Wall
Hit Wall
Hit Wall
Hit Wall
Hit Wall
Hit Wall
Hit Wall
Hit Wall
Hit Wall
Hit Wall
Hit Wall
Hit Wall
Hit Wall
Hit Wall
Hit Wall
Hit Wall
Hit Wall
Hit Wall
Hit Wall
Hit Wall
Hit Wall
Hit Wall
Hit Wall
Hit Wall
Hit Wall
Hit Wall
Hit Wall
Hit Wall
Hit Wall
Hit Wall
Hit Wall
Hit Wall
Hit Wall
Hit Wall
Hit Wall
Hit Wall
Hit Wall
Hit Wall
Hit Wall
Hit Wall
Hit Wall
Hit Wall
Hit Wall
Hit Wall
Hit Wall
Hit Wall
Hit Wall
Hit Wall
Hit Wall
Hit Wall
Hit Wall
Hit Wall
Hit Wall
Hit Wall
Hit Wall
Hit Wall
Hit Wall
Hit Wall
Hit Wall
Hit Wall
Hit Wall
Hit Wall
Hit Wall
Hit Wall
Hit Wall
Hit Wall
Hit Wall
Hit Wall
Hit Wall
Hit Wall
Hit Wall
Hit Wall
Hit Wall
Hit Wall
Hit Wall
Hit Wall
Hit Wall
Hit Wall
Hit Wall
Hit Wall
Hit Wall
Hit Wall
Hit Wall
Hit Wall
Hit Wall
Hit Wall
Hit Wall
Hit Wall
Hit Wall
Hit Wall
Hit Wall
Hit Wall
Hit Wall
Hit Wall
Hit Wall
Hit Wall
Hit Wall
Hit Wall
Hit Wall
Hit Wall
Hit Wall
Hit Wall
Hit Wall
Hit Wall
Hit Wall
Hit Wall
Hit Wall
Hit Wall
Hit Wall
Hit Wall
Hit Wall
Hit Wall
Hit Wall
Hit Wall
Hit Wall
Hit Wall
Hit Wall
Hit Wall
Hit Wall
Hit Wall
Hit Wall
Hit Wall
Hit Wall
Hit Wall
Hit Wall
Hit Wall
Hit Wall
Hit Wall
Hit Wall
Hit Wall
Hit Wall
Hit Wall
Hit Wall
Hit Wall
Hit Wall
Hit Wall
Hit Wall
Hit Wall
Hit Wall
Hit Wall
Hit Wall
Hit Wall
Hit Wall
Hit Wall
Hit Wall
Hit Wall
Hit Wall
Hit Wall
Hit Wall
Hit Wall
Hit Wall
Hit Wall
Hit Wall
Hit Wall
Hit Wall
Hit Wall
Hit Wall
Hit Wall
Hit Wall
Hit Wall
Hit Wall
Hit Wall
Hit Wall
Hit Wall
Hit Wall
Hit Wall
Hit Wall
Hit Wall
Hit Wall
Hit Wall
Hit Wall
Hit Wall
Hit Wall
Hit Wall
Hit Wall
Hit Wall
Hit Wall
Hit Wall
Hit Wall
Hit Wall
Hit Wall
Hit Wall
Hit Wall
Hit Wall
Hit Wall
Hit Wall
Hit Wall
Hit Wall
Hit Wall
Hit Wall
Hit Wall
Hit Wall
Hit Wall
Hit Wall
Hit Wall
Hit Wall
Hit Wall
Hit Wall
Hit Wall
Hit Wall
Hit Wall
Hit Wall
Hit Wall
Hit Wall
Hit Wall
Hit Wall
Hit Wall
Hit Wall
Hit Wall
Hit Wall
Hit Wall
Hit Wall
Hit Wall
Hit Wall
Hit Wall
Hit Wall
Hit Wall
Hit Wall
Hit Wall
Hit Wall
Hit Wall
Hit Wall
Hit Wall
Hit Wall
Hit Wall
Hit Wall
Hit Wall
Hit Wall
Hit Wall
Hit Wall
Hit Wall
Hit Wall
Hit Wall
Hit Wall
Hit Wall
Hit Wall
Hit Wall
Hit Wall
Hit Wall
Hit Wall
Hit Wall
Hit Wall
Hit Wall
Hit Wall
Hit Wall
Hit Wall
Hit Wall
Hit Wall
Hit Wall
Hit Wall
Hit Wall
Hit Wall
Hit Wall
Hit Wall
Hit Wall
Hit Wall
Hit Wall
Hit Wall
Hit Wall
Hit Wall
Hit Wall
Hit Wall
Hit Wall
Hit Wall
Hit Wall
Hit Wall
Hit Wall
Hit Wall
Hit Wall
Hit Wall
Hit Wall
Hit Wall
Hit Wall
Hit Wall
Hit Wall
Hit Wall
Hit Wall
Hit Wall
Hit Wall
Hit Wall
Hit Wall
Hit Wall
Hit Wall
Hit Wall
Hit Wall
Hit Wall
Hit Wall
Hit Wall
Hit Wall
Hit Wall
Hit Wall
Hit Wall
Hit Wall
Hit Wall
Hit Wall
Hit Wall
Hit Wall
Hit Wall
Hit Wall
Hit Wall
Hit Wall
Hit Wall
Hit Wall
Hit Wall
Hit Wall
Hit Wall
Hit Wall
Hit Wall
Hit Wall
Hit Wall
Hit Wall
Hit Wall
Hit Wall
Hit Wall
Hit Wall
Hit Wall
Hit Wall
Hit Wall
Hit Wall
Hit Wall
Hit Wall
Hit Wall
Hit Wall
Hit Wall
Hit Wall
Hit Wall
Hit Wall
Hit Wall
Hit Wall
Hit Wall
Hit Wall
Hit Wall
Hit Wall
Hit Wall
Hit Wall
Hit Wall
Hit Wall
Hit Wall
Hit Wall
Hit Wall
Hit Wall
Hit Wall
Hit Wall
Hit Wall
Hit Wall
Hit Wall
Hit Wall
Hit Wall
Hit Wall
Hit Wall
Hit Wall
Hit Wall
Hit Wall
Hit Wall
Hit Wall
Hit Wall
Hit Wall
Hit Wall
Hit Wall
Hit Wall
Hit Wall
Hit Wall
Hit Wall
Hit Wall
Hit Wall
Hit Wall
Hit Wall
Hit Wall
Hit Wall
Hit Wall
Hit Wall
Hit Wall
Hit Wall
Hit Wall
Hit Wall
Hit Wall
Hit Wall
Hit Wall
Hit Wall
Hit Wall
Hit Wall
Hit Wall
Hit Wall
Hit Wall
Hit Wall
Hit Wall
Hit Wall
Hit Wall
Hit Wall
Hit Wall
Hit Wall
Hit Wall
Hit Wall
Hit Wall
Hit Wall
Hit Wall
Hit Wall
Hit Wall
Hit Wall
Hit Wall
Hit Wall
Hit Wall
Hit Wall
Hit Wall
Hit Wall
Hit Wall
Hit Wall
Hit Wall
Hit Wall
Hit Wall
Hit Wall
Hit Wall
Hit Wall
Hit Wall
Hit Wall
Hit Wall
Hit Wall
Hit Wall
Hit Wall
Hit Wall
Hit Wall
Hit Wall
Hit Wall
Hit Wall
Hit Wall
Hit Wall
Hit Wall
Hit Wall
Hit Wall
Hit Wall
Hit Wall
Hit Wall
Hit Wall
Hit Wall
Hit Wall
Hit Wall
Hit Wall
Hit Wall
Hit Wall
Hit Wall
Hit Wall
Hit Wall
Hit Wall
Hit Wall
Hit Wall
Hit Wall
Hit Wall
Hit Wall
Hit Wall
Hit Wall
Hit Wall
Hit Wall
Hit Wall
Hit Wall
Hit Wall
Hit Wall
Hit Wall
Hit Wall
Hit Wall
Hit Wall
Hit Wall
Hit Wall
Hit Wall
Hit Wall
Hit Wall
Hit Wall
Hit Wall
Hit Wall
Hit Wall
Hit Wall
Hit Wall
Hit Wall
Hit Wall
Hit Wall
Hit Wall
Hit Wall
Hit Wall
Hit Wall
Hit Wall
Hit Wall
Hit Wall
Hit Wall
Hit Wall
Hit Wall
Hit Wall
Hit Wall
Hit Wall
Hit Wall
Hit Wall
Hit Wall
Hit Wall
Hit Wall
Hit Wall
Hit Wall
Hit Wall
Hit Wall
Hit Wall
Hit Wall
Hit Wall
Hit Wall
Hit Wall
Hit Wall
Hit Wall
Hit Wall
Hit Wall
Hit Wall
Hit Wall
Hit Wall
Hit Wall
Hit Wall
Hit Wall
Hit Wall
Hit Wall
Hit Wall
Hit Wall
Hit Wall
Hit Wall
Hit Wall
Hit Wall
Hit Wall
Hit Wall
Hit Wall
Hit Wall
Hit Wall
Hit Wall
Hit Wall
Hit Wall
Hit Wall
Hit Wall
Hit Wall
Hit Wall
Hit Wall
Hit Wall
Hit Wall
Hit Wall
Hit Wall
Hit Wall
Hit Wall
Hit Wall
Hit Wall
Hit Wall
Hit Wall
Hit Wall
Hit Wall
Hit Wall
Hit Wall
Hit Wall
Hit Wall
Hit Wall
Hit Wall
Hit Wall
Hit Wall
Hit Wall
Hit Wall
Hit Wall
Hit Wall
Hit Wall
Hit Wall
Hit Wall
Hit Wall
Hit Wall
Hit Wall
Hit Wall
Hit Wall
Hit Wall
Hit Wall
Hit Wall
Hit Wall
Hit Wall
Hit Wall
Hit Wall
Hit Wall
Hit Wall
Hit Wall
Hit Wall
Hit Wall
Hit Wall
Hit Wall
Hit Wall
Hit Wall
Hit Wall
Hit Wall
Hit Wall
Hit Wall
Hit Wall
Hit Wall
Hit Wall
Hit Wall
Hit Wall
Hit Wall
Hit Wall
Hit Wall
Hit Wall
Hit Wall
Hit Wall
Hit Wall
Hit Wall
Hit Wall
Hit Wall
Hit Wall
Hit Wall
Hit Wall
Hit Wall
Hit Wall
Hit Wall
Hit Wall
Hit Wall
Hit Wall
Hit Wall
Hit Wall
Hit Wall
Hit Wall
Hit Wall
Hit Wall
Hit Wall
Hit Wall
Hit Wall
Hit Wall
Hit Wall
Hit Wall
Hit Wall
Hit Wall
Hit Wall
Hit Wall
Hit Wall
Hit Wall
Hit Wall
Hit Wall
Hit Wall
Hit Wall
Hit Wall
Hit Wall
Hit Wall
Hit Wall
Hit Wall
Hit Wall
Hit Wall
Hit Wall
Hit Wall
Hit Wall
Hit Wall
Hit Wall
Hit Wall
Hit Wall
Hit Wall
Hit Wall
Hit Wall
Hit Wall
Hit Wall
Hit Wall
Hit Wall
Hit Wall
Hit Wall
Hit Wall
Hit Wall
Hit Wall
Hit Wall
Hit Wall
Hit Wall
Hit Wall
Hit Wall
Hit Wall
Hit Wall
Hit Wall
Hit Wall
Hit Wall
Hit Wall
Hit Wall
Hit Wall
Hit Wall
Hit Wall
Hit Wall
Hit Wall
Hit Wall
Hit Wall
Hit Wall
Hit Wall
Hit Wall
Hit Wall
Hit Wall
Hit Wall
Hit Wall
Hit Wall
Hit Wall
Hit Wall
Hit Wall
Hit Wall
Hit Wall
Hit Wall
Hit Wall
Hit Wall
Hit Wall
Hit Wall
Hit Wall
Hit Wall
Hit Wall
Hit Wall
Hit Wall
Hit Wall
Hit Wall
Hit Wall
Hit Wall
Hit Wall
Hit Wall
Hit Wall
Hit Wall
Hit Wall
Hit Wall
Hit Wall
Hit Wall
Hit Wall
Hit Wall
Hit Wall
Hit Wall
Hit Wall
Hit Wall
Hit Wall
Hit Wall
Hit Wall
Hit Wall
Hit Wall
Hit Wall
Hit Wall
Hit Wall
Hit Wall
Hit Wall
Hit Wall
Hit Wall
Hit Wall
Hit Wall
Hit Wall
Hit Wall
Hit Wall
Hit Wall
Hit Wall
Hit Wall
Hit Wall
Hit Wall
Hit Wall
Hit Wall
Hit Wall
Hit Wall
Hit Wall
Hit Wall
Hit Wall
Hit Wall
Hit Wall
Hit Wall
Hit Wall
Hit Wall
Hit Wall
Hit Wall
Hit Wall
Hit Wall
Hit Wall
Hit Wall
Hit Wall
Hit Wall
Hit Wall
Hit Wall
Hit Wall
Hit Wall
Hit Wall
Hit Wall
Hit Wall
Hit Wall
Hit Wall
Hit Wall
Hit Wall
Hit Wall
Hit Wall
Hit Wall
Hit Wall
Hit Wall
Hit Wall
Hit Wall
Hit Wall
Hit Wall
Hit Wall
Hit Wall
Hit Wall
Hit Wall
Hit Wall
Hit Wall
Hit Wall
Hit Wall
Hit Wall
Hit Wall
Hit Wall
Hit Wall
Hit Wall
Hit Wall
Hit Wall
Hit Wall
Hit Wall
Hit Wall
Hit Wall
Hit Wall
Hit Wall
Hit Wall
Hit Wall
Hit Wall
Hit Wall
Hit Wall
Hit Wall
Hit Wall
Hit Wall
Hit Wall
Hit Wall
Hit Wall
Hit Wall
Hit Wall
Hit Wall
Hit Wall
Hit Wall
Hit Wall
Hit Wall
Hit Wall
Hit Wall
Hit Wall
Hit Wall
Hit Wall
Hit Wall
Hit Wall
Hit Wall
Hit Wall
Hit Wall
Hit Wall
Hit Wall
Hit Wall
Hit Wall
Hit Wall
Hit Wall
Hit Wall
Hit Wall
Hit Wall
Hit Wall
Hit Wall
Hit Wall
Hit Wall
Hit Wall
Hit Wall
Hit Wall
Hit Wall
Hit Wall
Hit Wall
Hit Wall
Hit Wall
Hit Wall
Hit Wall
Hit Wall
Hit Wall
Hit Wall
Hit Wall
Hit Wall
Hit Wall
Hit Wall
Hit Wall
Hit Wall
Hit Wall
Hit Wall
Hit Wall
Hit Wall
Hit Wall
Hit Wall
Hit Wall
Hit Wall
Hit Wall
Hit Wall
Hit Wall
Hit Wall
Hit Wall
Hit Wall
Hit Wall
Hit Wall
Hit Wall
Hit Wall
Hit Wall
Hit Wall
Hit Wall
Hit Wall
Hit Wall
Hit Wall
Hit Wall
Hit Wall
Hit Wall
Hit Wall
Hit Wall
Hit Wall
Hit Wall
Hit Wall
Hit Wall
Hit Wall
Hit Wall
Hit Wall
Hit Wall
Hit Wall
Hit Wall
Hit Wall
Hit Wall
Hit Wall
Hit Wall
Hit Wall
Hit Wall
Hit Wall
Hit Wall
Hit Wall
Hit Wall
Hit Wall
Hit Wall
Hit Wall
Hit Wall
Hit Wall
Hit Wall
Hit Wall
Hit Wall
Hit Wall
Hit Wall
Hit Wall
Hit Wall
Hit Wall
Hit Wall
Hit Wall
Hit Wall
Hit Wall
Hit Wall
Hit Wall
Hit Wall
Hit Wall
Hit Wall
Hit Wall
Hit Wall
Hit Wall
Hit Wall
Hit Wall
Hit Wall
Hit Wall
Hit Wall
Hit Wall
Hit Wall
Hit Wall
Hit Wall
Hit Wall
Hit Wall
Hit Wall
Hit Wall
Hit Wall
Hit Wall
Hit Wall
Hit Wall
Hit Wall
Hit Wall
Hit Wall
Hit Wall
Hit Wall
Hit Wall
Hit Wall
Hit Wall
Hit Wall
Hit Wall
Hit Wall
Hit Wall
Hit Wall
Hit Wall
Hit Wall
Hit Wall
Hit Wall
Hit Wall
Hit Wall
Hit Wall
Hit Wall
Hit Wall
Hit Wall
Hit Wall
Hit Wall
Hit Wall
Hit Wall
Hit Wall
Hit Wall
Hit Wall
Hit Wall
Hit Wall
Hit Wall
Hit Wall
Hit Wall
Hit Wall
Hit Wall
Hit Wall
Hit Wall
Hit Wall
Hit Wall
Hit Wall
Hit Wall
Hit Wall
Hit Wall
Hit Wall
Hit Wall
Hit Wall
Hit Wall
Hit Wall
Hit Wall
Hit Wall
Hit Wall
Hit Wall
Hit Wall
Hit Wall
Hit Wall
Hit Wall
Hit Wall
Hit Wall
Hit Wall
Hit Wall
Hit Wall
Hit Wall
Hit Wall
Hit Wall
Hit Wall
Hit Wall
Hit Wall
Hit Wall
Hit Wall
Hit Wall
Hit Wall
Hit Wall
Hit Wall
Hit Wall
Hit Wall
Hit Wall
Hit Wall
Hit Wall
Hit Wall
Hit Wall
Hit Wall
Hit Wall
Hit Wall
Hit Wall
Hit Wall
Hit Wall
Hit Wall
Hit Wall
Hit Wall
Hit Wall
Hit Wall
Hit Wall
Hit Wall
Hit Wall
Hit Wall
Hit Wall
Hit Wall
Hit Wall
Hit Wall
Hit Wall
Hit Wall
Hit Wall
Hit Wall
Hit Wall
Hit Wall
Hit Wall
Hit Wall
Hit Wall
Hit Wall
Hit Wall
Hit Wall
Hit Wall
Hit Wall
Hit Wall
Hit Wall
Hit Wall
Hit Wall
Hit Wall
Hit Wall
Hit Wall
Hit Wall
Hit Wall
Hit Wall
Hit Wall
Hit Wall
Hit Wall
Hit Wall
Hit Wall
Hit Wall
Hit Wall
Hit Wall
Hit Wall
Hit Wall
Hit Wall
Hit Wall
Hit Wall
Hit Wall
Hit Wall
Hit Wall
Hit Wall
Hit Wall
Hit Wall
Hit Wall
Hit Wall
Hit Wall
Hit Wall
Hit Wall
Hit Wall
Hit Wall
Hit Wall
Hit Wall
Hit Wall
Hit Wall
Hit Wall
Hit Wall
Hit Wall
Hit Wall
Hit Wall
Hit Wall
Hit Wall
Hit Wall
Hit Wall
Hit Wall
Hit Wall
Hit Wall
Hit Wall
Hit Wall
Hit Wall
Hit Wall
Hit Wall
Hit Wall
Hit Wall
Hit Wall
Hit Wall
Hit Wall
Hit Wall
Hit Wall
Hit Wall
Hit Wall
Hit Wall
Hit Wall
Hit Wall
Hit Wall
Hit Wall
Hit Wall
Hit Wall
Hit Wall
Hit Wall
Hit Wall
Hit Wall
Hit Wall
Hit Wall
Hit Wall
Hit Wall
Hit Wall
Hit Wall
Hit Wall
Hit Wall
Hit Wall
Hit Wall
Hit Wall
Hit Wall
Hit Wall
Hit Wall
Hit Wall
Hit Wall
Hit Wall
Hit Wall
Hit Wall
Hit Wall
Hit Wall
Hit Wall
Hit Wall
Hit Wall
Hit Wall
Hit Wall
Hit Wall
Hit Wall
Hit Wall
Hit Wall
Hit Wall
Hit Wall
Hit Wall
Hit Wall
Hit Wall
Hit Wall
Hit Wall
Hit Wall
Hit Wall
Hit Wall
Hit Wall
Hit Wall
Hit Wall
Hit Wall
Hit Wall
Hit Wall
Hit Wall
Hit Wall
Hit Wall
Hit Wall
Hit Wall
Hit Wall
Hit Wall
Hit Wall
Hit Wall
Hit Wall
Hit Wall
Hit Wall
Hit Wall
Hit Wall
Hit Wall
Hit Wall
Hit Wall
Hit Wall
Hit Wall
Hit Wall
Hit Wall
Hit Wall
Hit Wall
Hit Wall
Hit Wall
Hit Wall
Hit Wall
Hit Wall
Hit Wall
Hit Wall
Hit Wall
Hit Wall
Hit Wall
Hit Wall
Hit Wall
Hit Wall
Hit Wall
Hit Wall
Hit Wall
Hit Wall
Hit Wall
Hit Wall
Hit Wall
Hit Wall
Hit Wall
Hit Wall
Hit Wall
Hit Wall
Hit Wall
Hit Wall
Hit Wall
Hit Wall
Hit Wall
Hit Wall
Hit Wall
Hit Wall
Hit Wall
Hit Wall
Hit Wall
Hit Wall
Hit Wall
Hit Wall
Hit Wall
Hit Wall
Hit Wall
Hit Wall
Hit Wall
Hit Wall
Hit Wall
Hit Wall
Hit Wall
Hit Wall
Hit Wall
Hit Wall
Hit Wall
Hit Wall
Hit Wall
Hit Wall
Hit Wall
Hit Wall
Hit Wall
Hit Wall
Hit Wall
Hit Wall
Hit Wall
Hit Wall
Hit Wall
Hit Wall
Hit Wall
Hit Wall
Hit Wall
Hit Wall
Hit Wall
Hit Wall
Hit Wall
Hit Wall
Hit Wall
Hit Wall
Hit Wall
Hit Wall
Hit Wall
Hit Wall
Hit Wall
Hit Wall
Hit Wall
Hit Wall
Hit Wall
Hit Wall
Hit Wall
Hit Wall
Hit Wall
Hit Wall
Hit Wall
Hit Wall
Hit Wall
Hit Wall
Hit Wall
Hit Wall
Hit Wall
Hit Wall
Hit Wall
Hit Wall
Hit Wall
Hit Wall
Hit Wall
Hit Wall
Hit Wall
Hit Wall
Hit Wall
Hit Wall
Hit Wall
Hit Wall
Hit Wall
Hit Wall
Hit Wall
Hit Wall
Hit Wall
Hit Wall
Hit Wall
Hit Wall
Hit Wall
Hit Wall
Hit Wall
Hit Wall
Hit Wall
Hit Wall
Hit Wall
Hit Wall
Hit Wall
Hit Wall
Hit Wall
Hit Wall
Hit Wall
Hit Wall
Hit Wall
Hit Wall
Hit Wall
Hit Wall
Hit Wall
Hit Wall
Hit Wall
Hit Wall
Hit Wall
Hit Wall
Hit Wall
Hit Wall
Hit Wall
Hit Wall
Hit Wall
Hit Wall
Hit Wall
Hit Wall
Hit Wall
Hit Wall
Hit Wall
Hit Wall
Hit Wall
Hit Wall
Hit Wall
Hit Wall
Hit Wall
Hit Wall
Hit Wall
Hit Wall
Hit Wall
Hit Wall
Hit Wall
Hit Wall
Hit Wall
Hit Wall
Hit Wall
Hit Wall
Hit Wall
Hit Wall
Hit Wall
Hit Wall
Hit Wall
Hit Wall
Hit Wall
Hit Wall
Hit Wall
Hit Wall
Hit Wall
Hit Wall
Hit Wall
Hit Wall
Hit Wall
Hit Wall
Hit Wall
Hit Wall
Hit Wall
Hit Wall
Hit Wall
Hit Wall
Hit Wall
Hit Wall
Hit Wall
Hit Wall
Hit Wall
Hit Wall
Hit Wall
Hit Wall
Hit Wall
Hit Wall
Hit Wall
Hit Wall
Hit Wall
Hit Wall
Hit Wall
Hit Wall
Hit Wall
Hit Wall
Hit Wall
Hit Wall
Hit Wall
Hit Wall
Hit Wall
Hit Wall
Hit Wall
Hit Wall
Hit Wall
Hit Wall
Hit Wall
Hit Wall
Hit Wall
Hit Wall
Hit Wall
Hit Wall
Hit Wall
Hit Wall
Hit Wall
Hit Wall
Hit Wall
Hit Wall
Hit Wall
Hit Wall
Hit Wall
Hit Wall
Hit Wall
Hit Wall
Hit Wall
Hit Wall
Hit Wall
Hit Wall
Hit Wall
Hit Wall
Hit Wall
Hit Wall
Hit Wall
Hit Wall
Hit Wall
Hit Wall
Hit Wall
Hit Wall
Hit Wall
Hit Wall
Hit Wall
Hit Wall
Hit Wall
Hit Wall
Hit Wall
Hit Wall
Hit Wall
Hit Wall
Hit Wall
Hit Wall
Hit Wall
Hit Wall
Hit Wall
Hit Wall
Hit Wall
Hit Wall
Hit Wall
Hit Wall
Hit Wall
Hit Wall
Hit Wall
Hit Wall
Hit Wall
Hit Wall
Hit Wall
Hit Wall
Hit Wall
Hit Wall
Hit Wall
Hit Wall
Hit Wall
Hit Wall
Hit Wall
Hit Wall
Hit Wall
Hit Wall
Hit Wall
Hit Wall
Hit Wall
Hit Wall
Hit Wall
Hit Wall
Hit Wall
Hit Wall
Hit Wall
Hit Wall
Hit Wall
Hit Wall
Hit Wall
Hit Wall
Hit Wall
Hit Wall
Hit Wall
Hit Wall
Hit Wall
Hit Wall
Hit Wall
Hit Wall
Hit Wall
Hit Wall
Hit Wall
Hit Wall
Hit Wall
Hit Wall
Hit Wall
Hit Wall
Hit Wall
Hit Wall
Hit Wall
Hit Wall
Hit Wall
Hit Wall
Hit Wall
Hit Wall
Hit Wall
Hit Wall
Hit Wall
Hit Wall
Hit Wall
Hit Wall
Hit Wall
Hit Wall
Hit Wall
Hit Wall
Hit Wall
Hit Wall
Hit Wall
Hit Wall
Hit Wall
Hit Wall
Hit Wall
Hit Wall
Hit Wall
Hit Wall
Hit Wall
Hit Wall
Hit Wall
Hit Wall
Hit Wall
Hit Wall
Hit Wall
Hit Wall
Hit Wall
Hit Wall
Hit Wall
Hit Wall
Hit Wall
Hit Wall
Hit Wall
Hit Wall
Hit Wall
Hit Wall
Hit Wall
Hit Wall
Hit Wall
Hit Wall
Hit Wall
Hit Wall
Hit Wall
Hit Wall
Hit Wall
Hit Wall
Hit Wall
Hit Wall
Hit Wall
Hit Wall
Hit Wall
Hit Wall
Hit Wall
Hit Wall
Hit Wall
Hit Wall
Hit Wall
Hit Wall
Hit Wall
Hit Wall
Hit Wall
Hit Wall
Hit Wall
Hit Wall
Hit Wall
Hit Wall
Hit Wall
Hit Wall
Hit Wall
Hit Wall
Hit Wall
Hit Wall
Hit Wall
Hit Wall
Hit Wall
Hit Wall
Hit Wall
Hit Wall
Hit Wall
Hit Wall
Hit Wall
Hit Wall
Hit Wall
Hit Wall
Hit Wall
Hit Wall
Hit Wall
Hit Wall
Hit Wall
Hit Wall
Hit Wall
Hit Wall
Hit Wall
Hit Wall
Hit Wall
Hit Wall
Hit Wall
Hit Wall
Hit Wall
Hit Wall
Hit Wall
Hit Wall
Hit Wall
Hit Wall
Hit Wall
Hit Wall
Hit Wall
Hit Wall
Hit Wall
Hit Wall
Hit Wall
Hit Wall
Hit Wall
Hit Wall
Hit Wall
Hit Wall
Hit Wall
Hit Wall
Hit Wall
Hit Wall
Hit Wall
Hit Wall
Hit Wall
Hit Wall
Hit Wall
Hit Wall
Hit Wall
Hit Wall
Hit Wall
Hit Wall
Hit Wall
Hit Wall
Hit Wall
Hit Wall
Hit Wall
Hit Wall
Hit Wall
Hit Wall
Hit Wall
Hit Wall
Hit Wall
Hit Wall
Hit Wall
Hit Wall
Hit Wall
Hit Wall
Hit Wall
Hit Wall
Hit Wall
Hit Wall
Hit Wall
Hit Wall
Hit Wall
Hit Wall
Hit Wall
Hit Wall
Hit Wall
Hit Wall
Hit Wall
Hit Wall
Hit Wall
Hit Wall
Hit Wall
Hit Wall
Hit Wall
Hit Wall
Hit Wall
Hit Wall
Hit Wall
Hit Wall
Hit Wall
Hit Wall
Hit Wall
Hit Wall
Hit Wall
Hit Wall
Hit Wall
Hit Wall
Hit Wall
Hit Wall
Hit Wall
Hit Wall
Hit Wall
Hit Wall
Hit Wall
Hit Wall
Hit Wall
Hit Wall
Hit Wall
Hit Wall
Hit Wall
Hit Wall
Hit Wall
Hit Wall
Hit Wall
Hit Wall
Hit Wall
Hit Wall
Hit Wall
Hit Wall
Hit Wall
Hit Wall
Hit Wall
Hit Wall
Hit Wall
Hit Wall
Hit Wall
Hit Wall
Hit Wall
Hit Wall
Hit Wall
Hit Wall
Hit Wall
Hit Wall
Hit Wall
Hit Wall
Hit Wall
Hit Wall
Hit Wall
Hit Wall
Hit Wall
Hit Wall
Hit Wall
Hit Wall
Hit Wall
Hit Wall
Hit Wall
Hit Wall
Hit Wall
Hit Wall
Hit Wall
Hit Wall
Hit Wall
Hit Wall
Hit Wall
Hit Wall
Hit Wall
Hit Wall
Hit Wall
Hit Wall
Hit Wall
Hit Wall
Hit Wall
Hit Wall
Hit Wall
Hit Wall
Hit Wall
Hit Wall
Hit Wall
Hit Wall
Hit Wall
Hit Wall
Hit Wall
Hit Wall
Hit Wall
Hit Wall
Hit Wall
Hit Wall
Hit Wall
Hit Wall
Hit Wall
Hit Wall
Hit Wall
Hit Wall
Hit Wall
Hit Wall
Hit Wall
Hit Wall
Hit Wall
Hit Wall
Hit Wall
Hit Wall
Hit Wall
Hit Wall
Hit Wall
Hit Wall
Hit Wall
Hit Wall
Hit Wall
Hit Wall
Hit Wall
Hit Wall
Hit Wall
Hit Wall
Hit Wall
Hit Wall
Hit Wall
Hit Wall
Hit Wall
Hit Wall
Hit Wall
Hit Wall
Hit Wall
Hit Wall
Hit Wall
Hit Wall
Hit Wall
Hit Wall
Hit Wall
Hit Wall
Hit Wall
Hit Wall
Hit Wall
Hit Wall
Hit Wall
Hit Wall
Hit Wall
Hit Wall
Hit Wall
Hit Wall
Hit Wall
Hit Wall
Hit Wall
Hit Wall
Hit Wall
Hit Wall
Hit Wall
Hit Wall
Hit Wall
Hit Wall
Hit Wall
Hit Wall
Hit Wall
Hit Wall
Hit Wall
Hit Wall
Hit Wall
Hit Wall
Hit Wall
Hit Wall
Hit Wall
Hit Wall
Hit Wall
Hit Wall
Hit Wall
Hit Wall
Hit Wall
Hit Wall
Hit Wall
Hit Wall
Hit Wall
Hit Wall
Hit Wall
Hit Wall
Hit Wall
Hit Wall
Hit Wall
Hit Wall
Hit Wall
Hit Wall
Hit Wall
Hit Wall
Hit Wall
Hit Wall
Hit Wall
Hit Wall
Hit Wall
Hit Wall
Hit Wall
Hit Wall
Hit Wall
Hit Wall
Hit Wall
Hit Wall
Hit Wall
Hit Wall
Hit Wall
Hit Wall
Hit Wall
Hit Wall
Hit Wall
Hit Wall
Hit Wall
Hit Wall
Hit Wall
Hit Wall
Hit Wall
Hit Wall
Hit Wall
Hit Wall
Hit Wall
Hit Wall
Hit Wall
Hit Wall
Hit Wall
Hit Wall
Hit Wall
Hit Wall
Hit Wall
Hit Wall
Hit Wall
Hit Wall
Hit Wall
Hit Wall
Hit Wall
Hit Wall
Hit Wall
Hit Wall
Hit Wall
Hit Wall
Hit Wall
Hit Wall
Hit Wall
Hit Wall
Hit Wall
Hit Wall
Hit Wall
Hit Wall
Hit Wall
Hit Wall
Hit Wall
Hit Wall
Hit Wall
Hit Wall
Hit Wall
Hit Wall
Hit Wall
Hit Wall
Hit Wall
Hit Wall
Hit Wall
Hit Wall
Hit Wall
Hit Wall
Hit Wall
Hit Wall
Hit Wall
Hit Wall
Hit Wall
Hit Wall
Hit Wall
Hit Wall
Hit Wall
Hit Wall
Hit Wall
Hit Wall
Hit Wall
Hit Wall
Hit Wall
Hit Wall
Hit Wall
Hit Wall
Hit Wall
Hit Wall
Hit Wall
Hit Wall
Hit Wall
Hit Wall
Hit Wall
Hit Wall
Hit Wall
Hit Wall
Hit Wall
Hit Wall
Hit Wall
Hit Wall
Hit Wall
Hit Wall
Hit Wall
Hit Wall
Hit Wall
Hit Wall
Hit Wall
Hit Wall
Hit Wall
Hit Wall
Hit Wall
Hit Wall
Hit Wall
Hit Wall
Hit Wall
Hit Wall
Hit Wall
Hit Wall
Hit Wall
Hit Wall
Hit Wall
Hit Wall
Hit Wall
Hit Wall
Hit Wall
Hit Wall
Hit Wall
Hit Wall
Hit Wall
Hit Wall
Hit Wall
Hit Wall
Hit Wall
Hit Wall
Hit Wall
Hit Wall
Hit Wall
Hit Wall
Hit Wall
Hit Wall
Hit Wall
Hit Wall
Hit Wall
Hit Wall
Hit Wall
Hit Wall
Hit Wall
Hit Wall
Hit Wall
Hit Wall
Hit Wall
Hit Wall
Hit Wall
Hit Wall
Hit Wall
Hit Wall
Hit Wall
Hit Wall
Hit Wall
Hit Wall
Hit Wall
Hit Wall
Hit Wall
Hit Wall
Hit Wall
Hit Wall
Hit Wall
Hit Wall
Hit Wall
Hit Wall
Hit Wall
Hit Wall
Hit Wall
Hit Wall
Hit Wall
Hit Wall
Hit Wall
Hit Wall
Hit Wall
Hit Wall
Hit Wall
Hit Wall
Hit Wall
Hit Wall
Hit Wall
Hit Wall
Hit Wall
Hit Wall
Hit Wall
Hit Wall
Hit Wall
Hit Wall
Hit Wall
Hit Wall
Hit Wall
Hit Wall
Hit Wall
Hit Wall
Hit Wall
Hit Wall
Hit Wall
Hit Wall
Hit Wall
Hit Wall
Hit Wall
Hit Wall
Hit Wall
Hit Wall
Hit Wall
Hit Wall
Hit Wall
Hit Wall
Hit Wall
Hit Wall
Hit Wall
Hit Wall
Hit Wall
Hit Wall
Hit Wall
Hit Wall
Hit Wall
Hit Wall
Hit Wall
Hit Wall
Hit Wall
Hit Wall
Hit Wall
Hit Wall
Hit Wall
Hit Wall
Hit Wall
Hit Wall
Hit Wall
Hit Wall
Hit Wall
Hit Wall
Hit Wall
Hit Wall
Hit Wall
Hit Wall
Hit Wall
Hit Wall
Hit Wall
Hit Wall
Hit Wall
Hit Wall
Hit Wall
Hit Wall
Hit Wall
Hit Wall
Hit Wall
Hit Wall
Hit Wall
Hit Wall
Hit Wall
Hit Wall
Hit Wall
Hit Wall
Hit Wall
Hit Wall
Hit Wall
Hit Wall
Hit Wall
Hit Wall
Hit Wall
Hit Wall
Hit Wall
Hit Wall
Hit Wall
Hit Wall
Hit Wall
Hit Wall
Hit Wall
Hit Wall
Hit Wall
Hit Wall
Hit Wall
Hit Wall
Hit Wall
Hit Wall
Hit Wall
Hit Wall
Hit Wall
Hit Wall
Hit Wall
Hit Wall
Hit Wall
Hit Wall
Hit Wall
Hit Wall
Hit Wall
Hit Wall
Hit Wall
Hit Wall
Hit Wall
Hit Wall
Hit Wall
Hit Wall
Hit Wall
Hit Wall
Hit Wall
Hit Wall
Hit Wall
Hit Wall
Hit Wall
Hit Wall
Hit Wall
Hit Wall
Hit Wall
Hit Wall
Hit Wall
Hit Wall
Hit Wall
Hit Wall
Hit Wall
Hit Wall
Hit Wall
Hit Wall
Hit Wall
Hit Wall
Hit Wall
Hit Wall
Hit Wall
Hit Wall
Hit Wall
Hit Wall
Hit Wall
Hit Wall
Hit Wall
Hit Wall
Hit Wall
Hit Wall
Hit Wall
Hit Wall
Hit Wall
Hit Wall
Hit Wall
Hit Wall
Hit Wall
Hit Wall
Hit Wall
Hit Wall
Hit Wall
Hit Wall
Hit Wall
Hit Wall
Hit Wall
Hit Wall
Hit Wall
Hit Wall
Hit Wall
Hit Wall
Hit Wall
Hit Wall
Hit Wall
Hit Wall
Hit Wall
Hit Wall
Hit Wall
Hit Wall
Hit Wall
Hit Wall
Hit Wall
Hit Wall
Hit Wall
Hit Wall
Hit Wall
Hit Wall
Hit Wall
Hit Wall
Hit Wall
Hit Wall
Hit Wall
Hit Wall
Hit Wall
Hit Wall
Hit Wall
Hit Wall
Hit Wall
Hit Wall
Hit Wall
Hit Wall
Hit Wall
Hit Wall
Hit Wall
Hit Wall
Hit Wall
Hit Wall
Hit Wall
Hit Wall
Hit Wall
Hit Wall
Hit Wall
Hit Wall
Hit Wall
Hit Wall
Hit Wall
Hit Wall
Hit Wall
Hit Wall
Hit Wall
Hit Wall
Hit Wall
Hit Wall
Hit Wall
Hit Wall
Hit Wall
Hit Wall
Hit Wall
Hit Wall
Hit Wall
Hit Wall
Hit Wall
Hit Wall
Hit Wall
Hit Wall
Hit Wall
Hit Wall
Hit Wall
Hit Wall
Hit Wall
Hit Wall
Hit Wall
Hit Wall
Hit Wall
Hit Wall
Hit Wall
Hit Wall
Hit Wall
Hit Wall
Hit Wall
Hit Wall
Hit Wall
Hit Wall
Hit Wall
Hit Wall
Hit Wall
Hit Wall
Hit Wall
Hit Wall
Hit Wall
Hit Wall
Hit Wall
Hit Wall
Hit Wall
Hit Wall
Hit Wall
Hit Wall
Hit Wall
Hit Wall
Hit Wall
Hit Wall
Hit Wall
Hit Wall
Hit Wall
Hit Wall
Hit Wall
Hit Wall
Hit Wall
Hit Wall
Hit Wall
Hit Wall
Hit Wall
Hit Wall
Hit Wall
Hit Wall
Hit Wall
Hit Wall
Hit Wall
Hit Wall
Hit Wall
Hit Wall
Hit Wall
Hit Wall
Hit Wall
Hit Wall
Hit Wall
Hit Wall
Hit Wall
Hit Wall
Hit Wall
Hit Wall
Hit Wall
Hit Wall
Hit Wall
Hit Wall
Hit Wall
Hit Wall
Hit Wall
Hit Wall
Hit Wall
Hit Wall
Hit Wall
Hit Wall
Hit Wall
Hit Wall
Hit Wall
Hit Wall
Hit Wall
Hit Wall
Hit Wall
Hit Wall
Hit Wall
Hit Wall
Hit Wall
Hit Wall
Hit Wall
Hit Wall
Hit Wall
Hit Wall
Hit Wall
Hit Wall
Hit Wall
Hit Wall
Hit Wall
Hit Wall
Hit Wall
Hit Wall
Hit Wall
Hit Wall
Hit Wall
Hit Wall
Hit Wall
Hit Wall
Hit Wall
Hit Wall
Hit Wall
Hit Wall
Hit Wall
Hit Wall
Hit Wall
Hit Wall
Hit Wall
Hit Wall
Hit Wall
Hit Wall
Hit Wall
Hit Wall
Hit Wall
Hit Wall
Hit Wall
Hit Wall
Hit Wall
Hit Wall
Hit Wall
Hit Wall
Hit Wall
Hit Wall
Hit Wall
Hit Wall
Hit Wall
Hit Wall
Hit Wall
Hit Wall
Hit Wall
Hit Wall
Hit Wall
Hit Wall
Hit Wall
Hit Wall
Hit Wall
Hit Wall
Hit Wall
Hit Wall
Hit Wall
Hit Wall
Hit Wall
Hit Wall
Hit Wall
Hit Wall
Hit Wall
Hit Wall
Hit Wall
Hit Wall
Hit Wall
Hit Wall
Hit Wall
Hit Wall
Hit Wall
Hit Wall
Hit Wall
Hit Wall
Hit Wall
Hit Wall
Hit Wall
Hit Wall
Hit Wall
Hit Wall
Hit Wall
Hit Wall
Hit Wall
Hit Wall
Hit Wall
Hit Wall
Hit Wall
Hit Wall
Hit Wall
Hit Wall
Hit Wall
Hit Wall
Hit Wall
Hit Wall
Hit Wall
Hit Wall
Hit Wall
Hit Wall
Hit Wall
Hit Wall
Hit Wall
Hit Wall
Hit Wall
Hit Wall
Hit Wall
Hit Wall
Hit Wall
Hit Wall
Hit Wall
Hit Wall
Hit Wall
Hit Wall
Hit Wall
Hit Wall
Hit Wall
Hit Wall
Hit Wall
Hit Wall
Hit Wall
Hit Wall
Hit Wall
Hit Wall
Hit Wall
Hit Wall
Hit Wall
Hit Wall
Hit Wall
Hit Wall
Hit Wall
Hit Wall
Hit Wall
Hit Wall
Hit Wall
Hit Wall
Hit Wall
Hit Wall
Hit Wall
Hit Wall
Hit Wall
Hit Wall
Hit Wall
Hit Wall
Hit Wall
Hit Wall
Hit Wall
Hit Wall
Hit Wall
Hit Wall
Hit Wall
Hit Wall
Hit Wall
Hit Wall
Hit Wall
Hit Wall
Hit Wall
Hit Wall
Hit Wall
Hit Wall
Hit Wall
Hit Wall
Hit Wall
Hit Wall
Hit Wall
Hit Wall
Hit Wall
Hit Wall
Hit Wall
Hit Wall
Hit Wall
Hit Wall
Hit Wall
Hit Wall
Hit Wall
Hit Wall
Hit Wall
Hit Wall
Hit Wall
Hit Wall
Hit Wall
Hit Wall
Hit Wall
Hit Wall
Hit Wall
Hit Wall
Hit Wall
Hit Wall
Hit Wall
Hit Wall
Hit Wall
Hit Wall
Hit Wall
Hit Wall
Hit Wall
Hit Wall
Hit Wall
Hit Wall
Hit Wall
Hit Wall
Hit Wall
Hit Wall
Hit Wall
Hit Wall
Hit Wall
Hit Wall
Hit Wall
Hit Wall
Hit Wall
Hit Wall
Hit Wall
Hit Wall
Hit Wall
Hit Wall
Hit Wall
Hit Wall
Hit Wall
Hit Wall
Hit Wall
Hit Wall
Hit Wall
Hit Wall
Hit Wall
Hit Wall
Hit Wall
Hit Wall
Hit Wall
Hit Wall
Hit Wall
Hit Wall
Hit Wall
Hit Wall
Hit Wall
Hit Wall
Hit Wall
Hit Wall
Hit Wall
Hit Wall
Hit Wall
Hit Wall
Hit Wall
Hit Wall
Hit Wall
Hit Wall
Hit Wall
Hit Wall
Hit Wall
Hit Wall
Hit Wall
Hit Wall
Hit Wall
Hit Wall
Hit Wall
Hit Wall
Hit Wall
Hit Wall
Hit Wall
Hit Wall
Hit Wall
Hit Wall
Hit Wall
Hit Wall
Hit Wall
Hit Wall
Hit Wall
Hit Wall
Hit Wall
Hit Wall
Hit Wall
Hit Wall
Hit Wall
Hit Wall
Hit Wall
Hit Wall
Hit Wall
Hit Wall
Hit Wall
Hit Wall
Hit Wall
Hit Wall
Hit Wall
Hit Wall
Hit Wall
Hit Wall
Hit Wall
Hit Wall
Hit Wall
Hit Wall
Hit Wall
Hit Wall
Hit Wall
Hit Wall
Hit Wall
Hit Wall
Hit Wall
Hit Wall
Hit Wall
Hit Wall
Hit Wall
Hit Wall
Hit Wall
Hit Wall
Hit Wall
Hit Wall
Hit Wall
Hit Wall
Hit Wall
Hit Wall
Hit Wall
Hit Wall
Hit Wall
Hit Wall
Hit Wall
Hit Wall
Hit Wall
Hit Wall
Hit Wall
Hit Wall
Hit Wall
Hit Wall
Hit Wall
Hit Wall
Hit Wall
Hit Wall
Hit Wall
Hit Wall
Hit Wall
Hit Wall
Hit Wall
Hit Wall
Hit Wall
Hit Wall
Hit Wall
Hit Wall
Hit Wall
Hit Wall
Hit Wall
Hit Wall
Hit Wall
Hit Wall
Hit Wall
Hit Wall
Hit Wall
Hit Wall
Hit Wall
Hit Wall
Hit Wall
Hit Wall
Hit Wall
Hit Wall
Hit Wall
Hit Wall
Hit Wall
Hit Wall
Hit Wall
Hit Wall
Hit Wall
Hit Wall
Hit Wall
Hit Wall
Hit Wall
Hit Wall
Hit Wall
Hit Wall
Hit Wall
Hit Wall
Hit Wall
Hit Wall
Hit Wall
Hit Wall
Hit Wall
Hit Wall
Hit Wall
Hit Wall
Hit Wall
Hit Wall
Hit Wall
Hit Wall
Hit Wall
Hit Wall
Hit Wall
Hit Wall
Hit Wall
Hit Wall
Hit Wall
Hit Wall
Hit Wall
Hit Wall
Hit Wall
Hit Wall
Hit Wall
Hit Wall
Hit Wall
Hit Wall
Hit Wall
Hit Wall
Hit Wall
Hit Wall
Hit Wall
Hit Wall
Hit Wall
Hit Wall
Hit Wall
Hit Wall
Hit Wall
Hit Wall
Hit Wall
Hit Wall
Hit Wall
Hit Wall
Hit Wall
Hit Wall
Hit Wall
Hit Wall
Hit Wall
Hit Wall
Hit Wall
Hit Wall
Hit Wall
Hit Wall
Hit Wall
Hit Wall
Hit Wall
Hit Wall
Hit Wall
Hit Wall
Hit Wall
Hit Wall
Hit Wall
Hit Wall
Hit Wall
Hit Wall
Hit Wall
Hit Wall
Hit Wall
Hit Wall
Hit Wall
Hit Wall
Hit Wall
Hit Wall
Hit Wall
Hit Wall
Hit Wall
Hit Wall
Hit Wall
Hit Wall
Hit Wall
Hit Wall
Hit Wall
Hit Wall
Hit Wall
Hit Wall
Hit Wall
Hit Wall
Hit Wall
Hit Wall
Hit Wall
Hit Wall
Hit Wall
Hit Wall
Hit Wall
Hit Wall
Hit Wall
Hit Wall
Hit Wall
Hit Wall
Hit Wall
Hit Wall
Hit Wall
Hit Wall
Hit Wall
Hit Wall
Hit Wall
Hit Wall
Hit Wall
Hit Wall
Hit Wall
Hit Wall
Hit Wall
Hit Wall
Hit Wall
Hit Wall
Hit Wall
Hit Wall
Hit Wall
Hit Wall
Hit Wall
Hit Wall
Hit Wall
Hit Wall
Hit Wall
Hit Wall
Hit Wall
Hit Wall
Hit Wall
Hit Wall
Hit Wall
Hit Wall
Hit Wall
Hit Wall
Hit Wall
Hit Wall
Hit Wall
Hit Wall
Hit Wall
Hit Wall
Hit Wall
Hit Wall
Hit Wall
Hit Wall
Hit Wall
Hit Wall
Hit Wall
Hit Wall
Hit Wall
Hit Wall
Hit Wall
Hit Wall
Hit Wall
Hit Wall
Hit Wall
Hit Wall
Hit Wall
Hit Wall
Hit Wall
Hit Wall
Hit Wall
Hit Wall
Hit Wall
Hit Wall
Hit Wall
Hit Wall
Hit Wall
Hit Wall
Hit Wall
Hit Wall
Hit Wall
Hit Wall
Hit Wall
Hit Wall
Hit Wall
Hit Wall
Hit Wall
Hit Wall
Hit Wall
Hit Wall
Hit Wall
Hit Wall
Hit Wall
Hit Wall
Hit Wall
Hit Wall
Hit Wall
Hit Wall
Hit Wall
Hit Wall
Hit Wall
Hit Wall
Hit Wall
Hit Wall
Hit Wall
Hit Wall
Hit Wall
Hit Wall
Hit Wall
Hit Wall
Hit Wall
Hit Wall
Hit Wall
Hit Wall
Hit Wall
Hit Wall
Hit Wall
Hit Wall
Hit Wall
Hit Wall
Hit Wall
Hit Wall
Hit Wall
Hit Wall
Hit Wall
Hit Wall
Hit Wall
Hit Wall
Hit Wall
Hit Wall
Hit Wall
Hit Wall
Hit Wall
Hit Wall
Hit Wall
Hit Wall
Hit Wall
Hit Wall
Hit Wall
Hit Wall
Hit Wall
Hit Wall
Hit Wall
Hit Wall
Hit Wall
Hit Wall
Hit Wall
Hit Wall
Hit Wall
Hit Wall
Hit Wall
Hit Wall
Hit Wall
Hit Wall
Hit Wall
Hit Wall
Hit Wall
Hit Wall
Hit Wall
Hit Wall
Hit Wall
Hit Wall
Hit Wall
Hit Wall
Hit Wall
Hit Wall
Hit Wall
Hit Wall
Hit Wall
Hit Wall
Hit Wall
Hit Wall
Hit Wall
Hit Wall
Hit Wall
Hit Wall
Hit Wall
Hit Wall
Hit Wall
Hit Wall
Hit Wall
Hit Wall
Hit Wall
Hit Wall
Hit Wall
Hit Wall
Hit Wall
Hit Wall
Hit Wall
Hit Wall
Hit Wall
Hit Wall
Hit Wall
Hit Wall
Hit Wall
Hit Wall
Hit Wall
Hit Wall
Hit Wall
Hit Wall
Hit Wall
Hit Wall
Hit Wall
Hit Wall
Hit Wall
Hit Wall
Hit Wall
Hit Wall
Hit Wall
Hit Wall
Hit Wall
Hit Wall
Hit Wall
Hit Wall
Hit Wall
Hit Wall
Hit Wall
Hit Wall
Hit Wall
Hit Wall
Hit Wall
Hit Wall
Hit Wall
Hit Wall
Hit Wall
Hit Wall
Hit Wall
Hit Wall
Hit Wall
Hit Wall
Hit Wall
Hit Wall
Hit Wall
Hit Wall
Hit Wall
Hit Wall
Hit Wall
Hit Wall
Hit Wall
Hit Wall
Hit Wall
Hit Wall
Hit Wall
Hit Wall
Hit Wall
Hit Wall
Hit Wall
Hit Wall
Hit Wall
Hit Wall
Hit Wall
Hit Wall
Hit Wall
Hit Wall
Hit Wall
Hit Wall
Hit Wall
Hit Wall
Hit Wall
Hit Wall
Hit Wall
Hit Wall
Hit Wall
Hit Wall
Hit Wall
Hit Wall
Hit Wall
Hit Wall
Hit Wall
Hit Wall
Hit Wall
Hit Wall
Hit Wall
Hit Wall
Hit Wall
Hit Wall
Hit Wall
Hit Wall
Hit Wall
Hit Wall
Hit Wall
Hit Wall
Hit Wall
Hit Wall
Hit Wall
Hit Wall
Hit Wall
Hit Wall
Hit Wall
Hit Wall
Hit Wall
Hit Wall
Hit Wall
Hit Wall
Hit Wall
Hit Wall
Hit Wall
Hit Wall
Hit Wall
Hit Wall
Hit Wall
Hit Wall
Hit Wall
Hit Wall
Hit Wall
Hit Wall
Hit Wall
Hit Wall
Hit Wall
Hit Wall
Hit Wall
Hit Wall
Hit Wall
Hit Wall
Hit Wall
Hit Wall
Hit Wall
Hit Wall
Hit Wall
Hit Wall
Hit Wall
Hit Wall
Hit Wall
Hit Wall
Hit Wall
Hit Wall
Hit Wall
Hit Wall
Hit Wall
Hit Wall
Hit Wall
Hit Wall
Hit Wall
Hit Wall
Hit Wall
Hit Wall
Hit Wall
Hit Wall
Hit Wall
Hit Wall
Hit Wall
Hit Wall
Hit Wall
Hit Wall
Hit Wall
Hit Wall
Hit Wall
Hit Wall
Hit Wall
Hit Wall
Hit Wall
Hit Wall
Hit Wall
Hit Wall
Hit Wall
Hit Wall
Hit Wall
Hit Wall
Hit Wall
Hit Wall
Hit Wall
Hit Wall
Hit Wall
Hit Wall
Hit Wall
Hit Wall
Hit Wall
Hit Wall
Hit Wall
Hit Wall
Hit Wall
Hit Wall
Hit Wall
Hit Wall
Hit Wall
Hit Wall
Hit Wall
Hit Wall
Hit Wall
Hit Wall
Hit Wall
Hit Wall
Hit Wall
Hit Wall
Hit Wall
Hit Wall
Hit Wall
Hit Wall
Hit Wall
Hit Wall
Hit Wall
Hit Wall
Hit Wall
Hit Wall
Hit Wall
Hit Wall
Hit Wall
Hit Wall
Hit Wall
Hit Wall
Hit Wall
Hit Wall
Hit Wall
Hit Wall
Hit Wall
Hit Wall
Hit Wall
Hit Wall
Hit Wall
Hit Wall
Hit Wall
Hit Wall
Hit Wall
Hit Wall
Hit Wall
Hit Wall
Hit Wall
Hit Wall
Hit Wall
Hit Wall
Hit Wall
Hit Wall
Hit Wall
Hit Wall
Hit Wall
Hit Wall
Hit Wall
Hit Wall
Hit Wall
Hit Wall
Hit Wall
Hit Wall
Hit Wall
Hit Wall
Hit Wall
Hit Wall
Hit Wall
Hit Wall
Hit Wall
Hit Wall
Hit Wall
Hit Wall
Hit Wall
Hit Wall
Hit Wall
Hit Wall
Hit Wall
Hit Wall
Hit Wall
Hit Wall
Hit Wall
Hit Wall
Hit Wall
Hit Wall
Hit Wall
Hit Wall
Hit Wall
Hit Wall
Hit Wall
Hit Wall
Hit Wall
Hit Wall
Hit Wall
Hit Wall
Hit Wall
Hit Wall
Hit Wall
Hit Wall
Hit Wall
Hit Wall
Hit Wall
Hit Wall
Hit Wall
Hit Wall
Hit Wall
Hit Wall
Hit Wall
Hit Wall
Hit Wall
Hit Wall
Hit Wall
Hit Wall
Hit Wall
Hit Wall
Hit Wall
Hit Wall
Hit Wall
Hit Wall
Hit Wall
Hit Wall
Hit Wall
Hit Wall
Hit Wall
Hit Wall
Hit Wall
Hit Wall
Hit Wall
Hit Wall
Hit Wall
Hit Wall
Hit Wall
Hit Wall
Hit Wall
Hit Wall
Hit Wall
Hit Wall
Hit Wall
Hit Wall
Hit Wall
Hit Wall
Hit Wall
Hit Wall
Hit Wall
Hit Wall
Hit Wall
Hit Wall
Hit Wall
Hit Wall
Hit Wall
Hit Wall
Hit Wall
Hit Wall
Hit Wall
Hit Wall
Hit Wall
Hit Wall
Hit Wall
Hit Wall
Hit Wall
Hit Wall
Hit Wall
Hit Wall
Hit Wall
Hit Wall
Hit Wall
Hit Wall
Hit Wall
Hit Wall
Hit Wall
Hit Wall
Hit Wall
Hit Wall
Hit Wall
Hit Wall
Hit Wall
Hit Wall
Hit Wall
Hit Wall
Hit Wall
Hit Wall
Hit Wall
Hit Wall
Hit Wall
Hit Wall
Hit Wall
Hit Wall
Hit Wall
Hit Wall
Hit Wall
Hit Wall
Hit Wall
Hit Wall
Hit Wall
Hit Wall
Hit Wall
Hit Wall
Hit Wall
Hit Wall
Hit Wall
Hit Wall
Hit Wall
Hit Wall
Hit Wall
Hit Wall
Hit Wall
Hit Wall
Hit Wall
Hit Wall
Hit Wall
Hit Wall
Hit Wall
Hit Wall
Hit Wall
Hit Wall
Hit Wall
Hit Wall
Hit Wall
Hit Wall
Hit Wall
Hit Wall
Hit Wall
Hit Wall
Hit Wall
Hit Wall
Hit Wall
Hit Wall
Hit Wall
Hit Wall
Hit Wall
Hit Wall
Hit Wall
Hit Wall
Hit Wall
Hit Wall
Hit Wall
Hit Wall
Hit Wall
Hit Wall
Hit Wall
Hit Wall
Hit Wall
Hit Wall
Hit Wall
Hit Wall
Hit Wall
Hit Wall
Hit Wall
Hit Wall
Hit Wall
Hit Wall
Hit Wall
Hit Wall
Hit Wall
Hit Wall
Hit Wall
Hit Wall
Hit Wall
Hit Wall
Hit Wall
Hit Wall
Hit Wall
Hit Wall
Hit Wall
Hit Wall
Hit Wall
Hit Wall
Hit Wall
Hit Wall
Hit Wall
Hit Wall
Hit Wall
Setting up 4 worker threads for Enlighten.
Memory Statistics:
[ALLOC_TEMP_TLS] TLS Allocator
  StackAllocators : 
    [ALLOC_TEMP_MAIN]
      Peak usage frame count: [2.0 KB-4.0 KB]: 1690 frames, [2.0 MB-4.0 MB]: 1 frames
      Initial Block Size 4.0 MB
      Current Block Size 4.0 MB
      Peak Allocated Bytes 2.1 MB
      Overflow Count 0
    [ALLOC_TEMP_Background Job.worker 4]
      Initial Block Size 32.0 KB
      Current Block Size 32.0 KB
      Peak Allocated Bytes 54 B
      Overflow Count 0
    [ALLOC_TEMP_Loading.PreloadManager]
      Initial Block Size 256.0 KB
      Current Block Size 508.0 KB
      Peak Allocated Bytes 381.7 KB
      Overflow Count 8
    [ALLOC_TEMP_Background Job.worker 3]
      Initial Block Size 32.0 KB
      Current Block Size 32.0 KB
      Peak Allocated Bytes 54 B
      Overflow Count 0
    [ALLOC_TEMP_Background Job.worker 11]
      Initial Block Size 32.0 KB
      Current Block Size 32.0 KB
      Peak Allocated Bytes 54 B
      Overflow Count 0
    [ALLOC_TEMP_Background Job.worker 7]
      Initial Block Size 32.0 KB
      Current Block Size 32.0 KB
      Peak Allocated Bytes 54 B
      Overflow Count 0
    [ALLOC_TEMP_Background Job.worker 6]
      Initial Block Size 32.0 KB
      Current Block Size 32.0 KB
      Peak Allocated Bytes 54 B
      Overflow Count 0
    [ALLOC_TEMP_Background Job.worker 12]
      Initial Block Size 32.0 KB
      Current Block Size 32.0 KB
      Peak Allocated Bytes 54 B
      Overflow Count 0
    [ALLOC_TEMP_Background Job.worker 2]
      Initial Block Size 32.0 KB
      Current Block Size 32.0 KB
      Peak Allocated Bytes 54 B
      Overflow Count 0
    [ALLOC_TEMP_Background Job.worker 9]
      Initial Block Size 32.0 KB
      Current Block Size 32.0 KB
      Peak Allocated Bytes 54 B
      Overflow Count 0
    [ALLOC_TEMP_Job.worker 0]
      Initial Block Size 256.0 KB
      Current Block Size 256.0 KB
      Peak Allocated Bytes 0 B
      Overflow Count 0
    [ALLOC_TEMP_Job.worker 4]
      Initial Block Size 256.0 KB
      Current Block Size 256.0 KB
      Peak Allocated Bytes 12.7 KB
      Overflow Count 0
    [ALLOC_TEMP_Job.worker 5]
      Initial Block Size 256.0 KB
      Current Block Size 256.0 KB
      Peak Allocated Bytes 96 B
      Overflow Count 0
    [ALLOC_TEMP_Background Job.worker 8]
      Initial Block Size 32.0 KB
      Current Block Size 32.0 KB
      Peak Allocated Bytes 54 B
      Overflow Count 0
    [ALLOC_TEMP_Background Job.worker 10]
      Initial Block Size 32.0 KB
      Current Block Size 32.0 KB
      Peak Allocated Bytes 54 B
      Overflow Count 0
    [ALLOC_TEMP_Background Job.worker 1]
      Initial Block Size 32.0 KB
      Current Block Size 32.0 KB
      Peak Allocated Bytes 54 B
      Overflow Count 0
    [ALLOC_TEMP_EnlightenWorker] x 4
      Initial Block Size 64.0 KB
      Current Block Size 64.0 KB
      Peak Allocated Bytes 54 B
      Overflow Count 0
    [ALLOC_TEMP_Job.worker 1]
      Initial Block Size 256.0 KB
      Current Block Size 256.0 KB
      Peak Allocated Bytes 8.0 KB
      Overflow Count 0
    [ALLOC_TEMP_Job.worker 3]
      Initial Block Size 256.0 KB
      Current Block Size 256.0 KB
      Peak Allocated Bytes 7.4 KB
      Overflow Count 0
    [ALLOC_TEMP_Background Job.worker 5]
      Initial Block Size 32.0 KB
      Current Block Size 32.0 KB
      Peak Allocated Bytes 54 B
      Overflow Count 0
    [ALLOC_TEMP_Background Job.worker 13]
      Initial Block Size 32.0 KB
      Current Block Size 32.0 KB
      Peak Allocated Bytes 54 B
      Overflow Count 0
    [ALLOC_TEMP_AssetGarbageCollectorHelper] x 7
      Initial Block Size 64.0 KB
      Current Block Size 64.0 KB
      Peak Allocated Bytes 138 B
      Overflow Count 0
    [ALLOC_TEMP_Background Job.worker 15]
      Initial Block Size 32.0 KB
      Current Block Size 32.0 KB
      Peak Allocated Bytes 54 B
      Overflow Count 0
    [ALLOC_TEMP_Job.worker 2]
      Initial Block Size 256.0 KB
      Current Block Size 256.0 KB
      Peak Allocated Bytes 4.1 KB
      Overflow Count 0
    [ALLOC_TEMP_Background Job.worker 0]
      Initial Block Size 32.0 KB
      Current Block Size 32.0 KB
      Peak Allocated Bytes 54 B
      Overflow Count 0
    [ALLOC_TEMP_Job.worker 6]
      Initial Block Size 256.0 KB
      Current Block Size 256.0 KB
      Peak Allocated Bytes 4.9 KB
      Overflow Count 0
    [ALLOC_TEMP_Background Job.worker 14]
      Initial Block Size 32.0 KB
      Current Block Size 32.0 KB
      Peak Allocated Bytes 54 B
      Overflow Count 0
    [ALLOC_TEMP_Loading.AsyncRead]
      Initial Block Size 64.0 KB
      Current Block Size 64.0 KB
      Peak Allocated Bytes 399 B
      Overflow Count 0
    [ALLOC_TEMP_BatchDeleteObjects]
      Initial Block Size 64.0 KB
      Current Block Size 64.0 KB
      Peak Allocated Bytes 54 B
      Overflow Count 0
[ALLOC_DEFAULT] Dual Thread Allocator
  Peak main deferred allocation count 24
    [ALLOC_BUCKET]
      Large Block size 4.0 MB
      Used Block count 1
      Peak Allocated bytes 1.8 MB
    [ALLOC_DEFAULT_MAIN]
      Peak usage frame count: [32.0 MB-64.0 MB]: 1691 frames
      Requested Block Size 16.0 MB
      Peak Block count 3
      Peak Allocated memory 65.5 MB
      Peak Large allocation bytes 32.0 MB
    [ALLOC_DEFAULT_THREAD]
      Peak usage frame count: [4.0 MB-8.0 MB]: 1691 frames
      Requested Block Size 16.0 MB
      Peak Block count 1
      Peak Allocated memory 6.9 MB
      Peak Large allocation bytes 0 B
[ALLOC_TEMP_JOB_1_FRAME]
  Initial Block Size 2.0 MB
  Used Block Count 0
  Overflow Count (too large) 0
  Overflow Count (full) 0
[ALLOC_TEMP_JOB_2_FRAMES]
  Initial Block Size 2.0 MB
  Used Block Count 0
  Overflow Count (too large) 0
  Overflow Count (full) 0
[ALLOC_TEMP_JOB_4_FRAMES (JobTemp)]
  Initial Block Size 2.0 MB
  Used Block Count 1
  Overflow Count (too large) 0
  Overflow Count (full) 0
[ALLOC_TEMP_JOB_ASYNC (Background)]
  Initial Block Size 1.0 MB
  Used Block Count 1
  Overflow Count (too large) 0
  Overflow Count (full) 0
[ALLOC_GFX] Dual Thread Allocator
  Peak main deferred allocation count 0
    [ALLOC_BUCKET]
      Large Block size 4.0 MB
      Used Block count 1
      Peak Allocated bytes 1.8 MB
    [ALLOC_GFX_MAIN]
      Peak usage frame count: [32.0 KB-64.0 KB]: 1690 frames, [64.0 KB-128.0 KB]: 1 frames
      Requested Block Size 16.0 MB
      Peak Block count 1
      Peak Allocated memory 66.3 KB
      Peak Large allocation bytes 0 B
    [ALLOC_GFX_THREAD]
      Peak usage frame count: [128.0 KB-256.0 KB]: 1691 frames
      Requested Block Size 16.0 MB
      Peak Block count 1
      Peak Allocated memory 153.6 KB
      Peak Large allocation bytes 0 B
[ALLOC_CACHEOBJECTS] Dual Thread Allocator
  Peak main deferred allocation count 2
    [ALLOC_BUCKET]
      Large Block size 4.0 MB
      Used Block count 1
      Peak Allocated bytes 1.8 MB
    [ALLOC_CACHEOBJECTS_MAIN]
      Peak usage frame count: [1.0 MB-2.0 MB]: 1691 frames
      Requested Block Size 4.0 MB
      Peak Block count 1
      Peak Allocated memory 1.1 MB
      Peak Large allocation bytes 0 B
    [ALLOC_CACHEOBJECTS_THREAD]
      Peak usage frame count: [2.0 MB-4.0 MB]: 1690 frames, [8.0 MB-16.0 MB]: 1 frames
      Requested Block Size 4.0 MB
      Peak Block count 3
      Peak Allocated memory 10.2 MB
      Peak Large allocation bytes 0 B
[ALLOC_TYPETREE] Dual Thread Allocator
  Peak main deferred allocation count 0
    [ALLOC_BUCKET]
      Large Block size 4.0 MB
      Used Block count 1
      Peak Allocated bytes 1.8 MB
    [ALLOC_TYPETREE_MAIN]
      Peak usage frame count: [4.0 KB-8.0 KB]: 1691 frames
      Requested Block Size 2.0 MB
      Peak Block count 1
      Peak Allocated memory 4.1 KB
      Peak Large allocation bytes 0 B
    [ALLOC_TYPETREE_THREAD]
      Peak usage frame count: [1.0 KB-2.0 KB]: 1691 frames
      Requested Block Size 2.0 MB
      Peak Block count 1
      Peak Allocated memory 1.9 KB
      Peak Large allocation bytes 0 B
